Log file open, 07/10/17 13:09:36
LogInit:Display: Running engine for game: MyProject
LogPlatformFile: Not using cached read wrapper
LogInit:Display: RandInit(-1070154442) SRandInit(-1070154442).
LogTaskGraph: Started task graph with 5 named threads and 6 total threads with 1 sets of task threads.
LogStats: Stats thread started at 0.062552
LogPluginManager: Loaded Plugin Paper2D, From C:/Program Files (x86)/Epic Games/4.14/Engine/Plugins/2D/Paper2D/Paper2D.uplugin
LogPluginManager: Loaded Plugin LightPropagationVolume, From C:/Program Files (x86)/Epic Games/4.14/Engine/Plugins/Blendables/LightPropagationVolume/LightPropagationVolume.uplugin
LogPluginManager: Loaded Plugin BlankPlugin, From C:/Program Files (x86)/Epic Games/4.14/Engine/Plugins/Developer/BlankPlugin/BlankPlugin.uplugin
LogPluginManager: Loaded Plugin CodeLiteSourceCodeAccess, From C:/Program Files (x86)/Epic Games/4.14/Engine/Plugins/Developer/CodeLiteSourceCodeAccess/CodeLiteSourceCodeAccess.uplugin
LogPluginManager: Loaded Plugin GitSourceControl, From C:/Program Files (x86)/Epic Games/4.14/Engine/Plugins/Developer/GitSourceControl/GitSourceControl.uplugin
LogPluginManager: Loaded Plugin KDevelopSourceCodeAccess, From C:/Program Files (x86)/Epic Games/4.14/Engine/Plugins/Developer/KDevelopSourceCodeAccess/KDevelopSourceCodeAccess.uplugin
LogPluginManager: Loaded Plugin NullSourceCodeAccess, From C:/Program Files (x86)/Epic Games/4.14/Engine/Plugins/Developer/NullSourceCodeAccess/NullSourceCodeAccess.uplugin
LogPluginManager: Loaded Plugin OneSkyLocalizationService, From C:/Program Files (x86)/Epic Games/4.14/Engine/Plugins/Developer/OneSkyLocalizationService/OneSkyLocalizationService.uplugin
LogPluginManager: Loaded Plugin PerforceSourceControl, From C:/Program Files (x86)/Epic Games/4.14/Engine/Plugins/Developer/PerforceSourceControl/PerforceSourceControl.uplugin
LogPluginManager: Loaded Plugin SubversionSourceControl, From C:/Program Files (x86)/Epic Games/4.14/Engine/Plugins/Developer/SubversionSourceControl/SubversionSourceControl.uplugin
LogPluginManager: Loaded Plugin UObjectPlugin, From C:/Program Files (x86)/Epic Games/4.14/Engine/Plugins/Developer/UObjectPlugin/UObjectPlugin.uplugin
LogPluginManager: Loaded Plugin VisualStudioSourceCodeAccess, From C:/Program Files (x86)/Epic Games/4.14/Engine/Plugins/Developer/VisualStudioSourceCodeAccess/VisualStudioSourceCodeAccess.uplugin
LogPluginManager: Loaded Plugin XCodeSourceCodeAccess, From C:/Program Files (x86)/Epic Games/4.14/Engine/Plugins/Developer/XCodeSourceCodeAccess/XCodeSourceCodeAccess.uplugin
LogPluginManager: Loaded Plugin AudioCapture, From C:/Program Files (x86)/Epic Games/4.14/Engine/Plugins/Editor/AudioCapture/AudioCapture.uplugin
LogPluginManager: Loaded Plugin EpicSurvey, From C:/Program Files (x86)/Epic Games/4.14/Engine/Plugins/Editor/EpicSurvey/EpicSurvey.uplugin
LogPluginManager: Loaded Plugin MacGraphicsSwitching, From C:/Program Files (x86)/Epic Games/4.14/Engine/Plugins/Editor/MacGraphicsSwitching/MacGraphicsSwitching.uplugin
LogPluginManager: Loaded Plugin MobileLauncherProfileWizard, From C:/Program Files (x86)/Epic Games/4.14/Engine/Plugins/Editor/MobileLauncherProfileWizard/MobileLauncherProfileWizard.uplugin
LogPluginManager: Loaded Plugin PluginBrowser, From C:/Program Files (x86)/Epic Games/4.14/Engine/Plugins/Editor/PluginBrowser/PluginBrowser.uplugin
LogPluginManager: Loaded Plugin SpeedTreeImporter, From C:/Program Files (x86)/Epic Games/4.14/Engine/Plugins/Editor/SpeedTreeImporter/SpeedTreeImporter.uplugin
LogPluginManager: Loaded Plugin SuperSearchEditor, From C:/Program Files (x86)/Epic Games/4.14/Engine/Plugins/Editor/SuperSearchEditor/SuperSearchEditor.uplugin
LogPluginManager: Loaded Plugin AlembicImporter, From C:/Program Files (x86)/Epic Games/4.14/Engine/Plugins/Experimental/AlembicImporter/AlembicImporter.uplugin
LogPluginManager: Loaded Plugin BlueprintStats, From C:/Program Files (x86)/Epic Games/4.14/Engine/Plugins/Experimental/BlueprintStats/BlueprintStats.uplugin
LogPluginManager: Loaded Plugin CharacterAI, From C:/Program Files (x86)/Epic Games/4.14/Engine/Plugins/Experimental/CharacterAI/CharacterAI.uplugin
LogPluginManager: Loaded Plugin CodeEditor, From C:/Program Files (x86)/Epic Games/4.14/Engine/Plugins/Experimental/CodeEditor/CodeEditor.uplugin
LogPluginManager: Loaded Plugin CodeView, From C:/Program Files (x86)/Epic Games/4.14/Engine/Plugins/Experimental/CodeView/CodeView.uplugin
LogPluginManager: Loaded Plugin HTML5Networking, From C:/Program Files (x86)/Epic Games/4.14/Engine/Plugins/Experimental/HTML5Networking/HTML5Networking.uplugin
LogPluginManager: Loaded Plugin OSVR, From C:/Program Files (x86)/Epic Games/4.14/Engine/Plugins/Experimental/OSVR/OSVR.uplugin
LogPluginManager: Loaded Plugin Phya, From C:/Program Files (x86)/Epic Games/4.14/Engine/Plugins/Experimental/Phya/Phya.uplugin
LogPluginManager: Loaded Plugin SignificanceManager, From C:/Program Files (x86)/Epic Games/4.14/Engine/Plugins/Experimental/SignificanceManager/SignificanceManager.uplugin
LogPluginManager: Loaded Plugin SimpleHMD, From C:/Program Files (x86)/Epic Games/4.14/Engine/Plugins/Experimental/SimpleHMD/SimpleHMD.uplugin
LogPluginManager: Loaded Plugin StereoPanorama, From C:/Program Files (x86)/Epic Games/4.14/Engine/Plugins/Experimental/StereoPanorama/StereoPanorama.uplugin
LogPluginManager: Loaded Plugin StructBox, From C:/Program Files (x86)/Epic Games/4.14/Engine/Plugins/Experimental/StructBox/StructBox.uplugin
LogPluginManager: Loaded Plugin AndroidMedia, From C:/Program Files (x86)/Epic Games/4.14/Engine/Plugins/Media/AndroidMedia/AndroidMedia.uplugin
LogPluginManager: Loaded Plugin AvfMedia, From C:/Program Files (x86)/Epic Games/4.14/Engine/Plugins/Media/AvfMedia/AvfMedia.uplugin
LogPluginManager: Loaded Plugin MediaPlayerEditor, From C:/Program Files (x86)/Epic Games/4.14/Engine/Plugins/Media/MediaPlayerEditor/MediaPlayerEditor.uplugin
LogPluginManager: Loaded Plugin WmfMedia, From C:/Program Files (x86)/Epic Games/4.14/Engine/Plugins/Media/WmfMedia/WmfMedia.uplugin
LogPluginManager: Loaded Plugin MessagingDebugger, From C:/Program Files (x86)/Epic Games/4.14/Engine/Plugins/Messaging/MessagingDebugger/MessagingDebugger.uplugin
LogPluginManager: Loaded Plugin TcpMessaging, From C:/Program Files (x86)/Epic Games/4.14/Engine/Plugins/Messaging/TcpMessaging/TcpMessaging.uplugin
LogPluginManager: Loaded Plugin UdpMessaging, From C:/Program Files (x86)/Epic Games/4.14/Engine/Plugins/Messaging/UdpMessaging/UdpMessaging.uplugin
LogPluginManager: Loaded Plugin LevelSequenceEditor, From C:/Program Files (x86)/Epic Games/4.14/Engine/Plugins/MovieScene/LevelSequenceEditor/LevelSequenceEditor.uplugin
LogPluginManager: Loaded Plugin MatineeToLevelSequence, From C:/Program Files (x86)/Epic Games/4.14/Engine/Plugins/MovieScene/MatineeToLevelSequence/MatineeToLevelSequence.uplugin
LogPluginManager: Loaded Plugin NetcodeUnitTest, From C:/Program Files (x86)/Epic Games/4.14/Engine/Plugins/NetcodeUnitTest/NetcodeUnitTest/NetcodeUnitTest.uplugin
LogPluginManager: Loaded Plugin NUTUnrealEngine4, From C:/Program Files (x86)/Epic Games/4.14/Engine/Plugins/NetcodeUnitTest/NUTUnrealEngine4/NUTUnrealEngine4.uplugin
LogPluginManager: Loaded Plugin OnlineSubsystemGameCircle, From C:/Program Files (x86)/Epic Games/4.14/Engine/Plugins/Online/Android/OnlineSubsystemGameCircle/OnlineSubsystemGameCircle.uplugin
LogPluginManager: Loaded Plugin OnlineSubsystemGooglePlay, From C:/Program Files (x86)/Epic Games/4.14/Engine/Plugins/Online/Android/OnlineSubsystemGooglePlay/OnlineSubsystemGooglePlay.uplugin
LogPluginManager: Loaded Plugin OnlineSubsystemIOS, From C:/Program Files (x86)/Epic Games/4.14/Engine/Plugins/Online/IOS/OnlineSubsystemIOS/OnlineSubsystemIOS.uplugin
LogPluginManager: Loaded Plugin OnlineFramework, From C:/Program Files (x86)/Epic Games/4.14/Engine/Plugins/Online/OnlineFramework/OnlineFramework.uplugin
LogPluginManager: Loaded Plugin OnlineSubsystem, From C:/Program Files (x86)/Epic Games/4.14/Engine/Plugins/Online/OnlineSubsystem/OnlineSubsystem.uplugin
LogPluginManager: Loaded Plugin OnlineSubsystemAmazon, From C:/Program Files (x86)/Epic Games/4.14/Engine/Plugins/Online/OnlineSubsystemAmazon/OnlineSubsystemAmazon.uplugin
LogPluginManager: Loaded Plugin OnlineSubsystemFacebook, From C:/Program Files (x86)/Epic Games/4.14/Engine/Plugins/Online/OnlineSubsystemFacebook/OnlineSubsystemFacebook.uplugin
LogPluginManager: Loaded Plugin OnlineSubsystemNull, From C:/Program Files (x86)/Epic Games/4.14/Engine/Plugins/Online/OnlineSubsystemNull/OnlineSubsystemNull.uplugin
LogPluginManager: Loaded Plugin OnlineSubsystemOculus, From C:/Program Files (x86)/Epic Games/4.14/Engine/Plugins/Online/OnlineSubsystemOculus/OnlineSubsystemOculus.uplugin
LogPluginManager: Loaded Plugin OnlineSubsystemSteam, From C:/Program Files (x86)/Epic Games/4.14/Engine/Plugins/Online/OnlineSubsystemSteam/OnlineSubsystemSteam.uplugin
LogPluginManager: Loaded Plugin OnlineSubsystemUtils, From C:/Program Files (x86)/Epic Games/4.14/Engine/Plugins/Online/OnlineSubsystemUtils/OnlineSubsystemUtils.uplugin
LogPluginManager: Loaded Plugin IOSTapJoy, From C:/Program Files (x86)/Epic Games/4.14/Engine/Plugins/Runtime/Advertising/IOSTapJoy/IOSTapJoy.uplugin
LogPluginManager: Loaded Plugin AnalyticsBlueprintLibrary, From C:/Program Files (x86)/Epic Games/4.14/Engine/Plugins/Runtime/Analytics/AnalyticsBlueprintLibrary/AnalyticsBlueprintLibrary.uplugin
LogPluginManager: Loaded Plugin AnalyticsMulticast, From C:/Program Files (x86)/Epic Games/4.14/Engine/Plugins/Runtime/Analytics/AnalyticsMulticast/AnalyticsMulticast.uplugin
LogPluginManager: Loaded Plugin Apsalar, From C:/Program Files (x86)/Epic Games/4.14/Engine/Plugins/Runtime/Analytics/Apsalar/Apsalar.uplugin
LogPluginManager: Loaded Plugin FileLogging, From C:/Program Files (x86)/Epic Games/4.14/Engine/Plugins/Runtime/Analytics/FileLogging/FileLogging.uplugin
LogPluginManager: Loaded Plugin Flurry, From C:/Program Files (x86)/Epic Games/4.14/Engine/Plugins/Runtime/Analytics/Flurry/Flurry.uplugin
LogPluginManager: Loaded Plugin AndroidDeviceProfileSelector, From C:/Program Files (x86)/Epic Games/4.14/Engine/Plugins/Runtime/AndroidDeviceProfileSelector/AndroidDeviceProfileSelector.uplugin
LogPluginManager: Loaded Plugin AndroidMoviePlayer, From C:/Program Files (x86)/Epic Games/4.14/Engine/Plugins/Runtime/AndroidMoviePlayer/AndroidMoviePlayer.uplugin
LogPluginManager: Loaded Plugin AppleMoviePlayer, From C:/Program Files (x86)/Epic Games/4.14/Engine/Plugins/Runtime/AppleMoviePlayer/AppleMoviePlayer.uplugin
LogPluginManager: Loaded Plugin ArchVisCharacter, From C:/Program Files (x86)/Epic Games/4.14/Engine/Plugins/Runtime/ArchVisCharacter/ArchVisCharacter.uplugin
LogPluginManager: Loaded Plugin CableComponent, From C:/Program Files (x86)/Epic Games/4.14/Engine/Plugins/Runtime/CableComponent/CableComponent.uplugin
LogPluginManager: Loaded Plugin CustomMeshComponent, From C:/Program Files (x86)/Epic Games/4.14/Engine/Plugins/Runtime/CustomMeshComponent/CustomMeshComponent.uplugin
LogPluginManager: Loaded Plugin ExampleDeviceProfileSelector, From C:/Program Files (x86)/Epic Games/4.14/Engine/Plugins/Runtime/ExampleDeviceProfileSelector/ExampleDeviceProfileSelector.uplugin
LogPluginManager: Loaded Plugin GearVR, From C:/Program Files (x86)/Epic Games/4.14/Engine/Plugins/Runtime/GearVR/GearVR.uplugin
LogPluginManager: Loaded Plugin GoogleVRController, From C:/Program Files (x86)/Epic Games/4.14/Engine/Plugins/Runtime/GoogleVR/GoogleVRController/GoogleVRController.uplugin
LogPluginManager: Loaded Plugin GoogleVRHMD, From C:/Program Files (x86)/Epic Games/4.14/Engine/Plugins/Runtime/GoogleVR/GoogleVRHMD/GoogleVRHMD.uplugin
LogPluginManager: Loaded Plugin IOSDeviceProfileSelector, From C:/Program Files (x86)/Epic Games/4.14/Engine/Plugins/Runtime/IOSDeviceProfileSelector/IOSDeviceProfileSelector.uplugin
LogPluginManager: Loaded Plugin LeapMotion, From C:/Program Files (x86)/Epic Games/4.14/Engine/Plugins/Runtime/LeapMotion/LeapMotion.uplugin
LogPluginManager: Loaded Plugin LinuxDeviceProfileSelector, From C:/Program Files (x86)/Epic Games/4.14/Engine/Plugins/Runtime/LinuxDeviceProfileSelector/LinuxDeviceProfileSelector.uplugin
LogPluginManager: Loaded Plugin MIDIDevice, From C:/Program Files (x86)/Epic Games/4.14/Engine/Plugins/Runtime/MIDIDevice/MIDIDevice.uplugin
LogPluginManager: Loaded Plugin MobilePatchingUtils, From C:/Program Files (x86)/Epic Games/4.14/Engine/Plugins/Runtime/MobilePatchingUtils/MobilePatchingUtils.uplugin
LogPluginManager: Loaded Plugin Ansel, From C:/Program Files (x86)/Epic Games/4.14/Engine/Plugins/Runtime/Nvidia/Ansel/Ansel.uplugin
LogPluginManager: Loaded Plugin OculusAudio, From C:/Program Files (x86)/Epic Games/4.14/Engine/Plugins/Runtime/OculusAudio/OculusAudio.uplugin
LogPluginManager: Loaded Plugin OculusInput, From C:/Program Files (x86)/Epic Games/4.14/Engine/Plugins/Runtime/OculusInput/OculusInput.uplugin
LogPluginManager: Loaded Plugin OculusLibrary, From C:/Program Files (x86)/Epic Games/4.14/Engine/Plugins/Runtime/OculusLibrary/OculusLibrary.uplugin
LogPluginManager: Loaded Plugin OculusRift, From C:/Program Files (x86)/Epic Games/4.14/Engine/Plugins/Runtime/OculusRift/OculusRift.uplugin
LogPluginManager: Loaded Plugin Oodle, From C:/Program Files (x86)/Epic Games/4.14/Engine/Plugins/Runtime/PacketHandlers/CompressionComponents/Oodle/Oodle.uplugin
LogPluginManager: Loaded Plugin ProceduralMeshComponent, From C:/Program Files (x86)/Epic Games/4.14/Engine/Plugins/Runtime/ProceduralMeshComponent/ProceduralMeshComponent.uplugin
LogPluginManager: Loaded Plugin SoundMod, From C:/Program Files (x86)/Epic Games/4.14/Engine/Plugins/Runtime/SoundMod/SoundMod.uplugin
LogPluginManager: Loaded Plugin SoundVisualizations, From C:/Program Files (x86)/Epic Games/4.14/Engine/Plugins/Runtime/SoundVisualizations/SoundVisualizations.uplugin
LogPluginManager: Loaded Plugin SteamController, From C:/Program Files (x86)/Epic Games/4.14/Engine/Plugins/Runtime/Steam/SteamController/SteamController.uplugin
LogPluginManager: Loaded Plugin SteamVR, From C:/Program Files (x86)/Epic Games/4.14/Engine/Plugins/Runtime/Steam/SteamVR/SteamVR.uplugin
LogPluginManager: Loaded Plugin WebBrowserWidget, From C:/Program Files (x86)/Epic Games/4.14/Engine/Plugins/Runtime/WebBrowserWidget/WebBrowserWidget.uplugin
LogPluginManager: Loaded Plugin WindowsDeviceProfileSelector, From C:/Program Files (x86)/Epic Games/4.14/Engine/Plugins/Runtime/WindowsDeviceProfileSelector/WindowsDeviceProfileSelector.uplugin
LogPluginManager: Loaded Plugin WindowsMoviePlayer, From C:/Program Files (x86)/Epic Games/4.14/Engine/Plugins/Runtime/WindowsMoviePlayer/WindowsMoviePlayer.uplugin
LogPluginManager: Loaded Plugin ScriptPlugin, From C:/Program Files (x86)/Epic Games/4.14/Engine/Plugins/ScriptPlugin/ScriptPlugin.uplugin
LogPluginManager: Loaded Plugin SlateRemote, From C:/Program Files (x86)/Epic Games/4.14/Engine/Plugins/Slate/SlateRemote/SlateRemote.uplugin
LogPluginManager: Loaded Plugin EditorTests, From C:/Program Files (x86)/Epic Games/4.14/Engine/Plugins/Tests/EditorTests/EditorTests.uplugin
LogPluginManager: Loaded Plugin FbxAutomationTestBuilder, From C:/Program Files (x86)/Epic Games/4.14/Engine/Plugins/Tests/FbxAutomationTestBuilder/FbxAutomationTestBuilder.uplugin
LogPluginManager: Loaded Plugin FunctionalTestingEditor, From C:/Program Files (x86)/Epic Games/4.14/Engine/Plugins/Tests/FunctionalTestingEditor/FunctionalTestingEditor.uplugin
LogPluginManager: Loaded Plugin RuntimeTests, From C:/Program Files (x86)/Epic Games/4.14/Engine/Plugins/Tests/RuntimeTests/RuntimeTests.uplugin
LogPluginManager: Loaded Plugin ScreenshotTools, From C:/Program Files (x86)/Epic Games/4.14/Engine/Plugins/Tests/ScreenshotTools/ScreenshotTools.uplugin
LogInit: Using libcurl 7.47.1
LogInit:  - built for x86_64-pc-win32
LogInit:  - supports SSL with OpenSSL/1.0.2g
LogInit:  - supports HTTP deflate (compression) using libz 1.2.8
LogInit:  - other features:
LogInit:      CURL_VERSION_SSL
LogInit:      CURL_VERSION_LIBZ
LogInit:      CURL_VERSION_IPV6
LogInit:      CURL_VERSION_ASYNCHDNS
LogInit:      CURL_VERSION_LARGEFILE
LogInit:      CURL_VERSION_IDN
LogInit:  CurlRequestOptions (configurable via config and command line):
LogInit:  - bVerifyPeer = false  - Libcurl will NOT verify peer certificate
LogInit:  - bUseHttpProxy = false  - Libcurl will NOT use HTTP proxy
LogInit:  - bDontReuseConnections = false  - Libcurl will reuse connections
LogInit:  - CertBundlePath = nullptr  - Libcurl will use whatever was configured at build time.
LogInit: Build: ++UE4+Release-4.14-CL-3249277
LogInit: Engine Version: 4.14.3-3249277+++UE4+Release-4.14
LogInit: Compatible Engine Version: 4.14.0-3195953+++UE4+Release-4.14
LogInit: Net CL: 3195953
LogDevObjectVersion: Number of dev versions registered: 13
LogDevObjectVersion:   Dev-Blueprints (B0D832E4-1F89-4F0D-ACCF-7EB736FD4AA2): 7
LogDevObjectVersion:   Dev-Build (E1C64328-A22C-4D53-A36C-8E866417BD8C): 0
LogDevObjectVersion:   Dev-Core (375EC13C-06E4-48FB-B500-84F0262A717E): 1
LogDevObjectVersion:   Dev-Editor (E4B068ED-F494-42E9-A231-DA0B2E46BB41): 8
LogDevObjectVersion:   Dev-Framework (CFFC743F-43B0-4480-9391-14DF171D2073): 17
LogDevObjectVersion:   Dev-Mobile (B02B49B5-BB20-44E9-A304-32B752E40360): 0
LogDevObjectVersion:   Dev-Networking (A4E4105C-59A1-49B5-A7C5-40C4547EDFEE): 0
LogDevObjectVersion:   Dev-Online (39C831C9-5AE6-47DC-9A44-9C173E1C8E7C): 0
LogDevObjectVersion:   Dev-Physics (78F01B33-EBEA-4F98-B9B4-84EACCB95AA2): 0
LogDevObjectVersion:   Dev-Platform (6631380F-2D4D-43E0-8009-CF276956A95A): 0
LogDevObjectVersion:   Dev-Rendering (12F88B9F-8875-4AFC-A67C-D90C383ABD29): 12
LogDevObjectVersion:   Dev-Sequencer (7B5AE74C-D270-4C10-A958-57980B212A5A): 1
LogDevObjectVersion:   Dev-VR (D7296918-1DD6-4BDD-9DE2-64A83CC13884): 0
LogInit: Compiled (64-bit): Jan  6 2017 10:49:43
LogInit: Compiled with Visual C++: 19.00.23026.00
LogInit: Build Configuration: Development
LogInit: Branch Name: ++UE4+Release-4.14
LogInit: Command line: -EpicPortal 
LogInit: Base directory: C:/Program Files (x86)/Epic Games/4.14/Engine/Binaries/Win64/
LogInit: Installed Engine Build: 1
LogInit: Presizing for max 8388607 objects, including 0 objects not considered by GC, pre-allocating 0 bytes for permanent pool.
LogInit: Object subsystem initialized
[2017.07.10-17.09.36:861][  0]LogInit: Selected Device Profile: [Windows]
[2017.07.10-17.09.36:861][  0]LogInit: Applying CVar settings loaded from the selected device profile: [Windows]
[2017.07.10-17.09.36:869][  0]LogInit: Computer: IGMOH1380-23
[2017.07.10-17.09.36:869][  0]LogInit: User: IGMAdmin
[2017.07.10-17.09.36:869][  0]LogInit: CPU Page size=65536, Cores=2
[2017.07.10-17.09.36:869][  0]LogInit: High frequency timer resolution =3.328124 MHz
[2017.07.10-17.09.36:869][  0]LogMemory: Memory total: Physical=15.9GB (16GB approx)
[2017.07.10-17.09.36:869][  0]LogMemory: Platform Memory Stats for Windows
[2017.07.10-17.09.36:869][  0]LogMemory: Process Physical Memory: 263.85 MB used, 263.85 MB peak
[2017.07.10-17.09.36:869][  0]LogMemory: Process Virtual Memory: 262.42 MB used, 262.42 MB peak
[2017.07.10-17.09.36:869][  0]LogMemory: Physical Memory: 4233.07 MB used,  12092.74 MB free, 16325.81 MB total
[2017.07.10-17.09.36:869][  0]LogMemory: Virtual Memory: 674.54 MB used,  12092.74 MB free, 134217728.00 MB total
[2017.07.10-17.09.36:893][  0]LogTextLocalizationManager: No specific translations for ('en-US') exist, so ('en') translations will be used.
[2017.07.10-17.09.37:451][  0]LogD3D11RHI: D3D11 adapters:
[2017.07.10-17.09.37:483][  0]LogD3D11RHI:    0. 'NVIDIA GeForce GTX 1070' (Feature Level 11_0)
[2017.07.10-17.09.37:483][  0]LogD3D11RHI:       8145/0/8162 MB DedicatedVideo/DedicatedSystem/SharedSystem, Outputs:2, VendorId:0x10de
[2017.07.10-17.09.37:484][  0]LogD3D11RHI:    1. 'Microsoft Basic Render Driver' (Feature Level 11_0)
[2017.07.10-17.09.37:484][  0]LogD3D11RHI:       0/0/8162 MB DedicatedVideo/DedicatedSystem/SharedSystem, Outputs:0, VendorId:0x1414
[2017.07.10-17.09.37:484][  0]LogD3D11RHI: Chosen D3D11 Adapter: 0
[2017.07.10-17.09.37:488][  0]LogD3D11RHI: Creating new Direct3DDevice
[2017.07.10-17.09.37:488][  0]LogD3D11RHI:     GPU DeviceId: 0x1b81 (for the marketing name, search the web for "GPU Device Id")
[2017.07.10-17.09.37:488][  0]LogWindows: EnumDisplayDevices:
[2017.07.10-17.09.37:488][  0]LogWindows:    0. 'NVIDIA GeForce GTX 1070' (P:1 D:1)
[2017.07.10-17.09.37:488][  0]LogWindows:    1. 'NVIDIA GeForce GTX 1070' (P:0 D:1)
[2017.07.10-17.09.37:488][  0]LogWindows:    2. 'NVIDIA GeForce GTX 1070' (P:0 D:0)
[2017.07.10-17.09.37:488][  0]LogWindows:    3. 'NVIDIA GeForce GTX 1070' (P:0 D:0)
[2017.07.10-17.09.37:488][  0]LogWindows: DebugString: FoundDriverCount:4 
[2017.07.10-17.09.37:488][  0]LogD3D11RHI:     Adapter Name: NVIDIA GeForce GTX 1070
[2017.07.10-17.09.37:488][  0]LogD3D11RHI:   Driver Version: 376.33 (internal:21.21.13.7633, unified:376.33)
[2017.07.10-17.09.37:488][  0]LogD3D11RHI:      Driver Date: 12-11-2016
[2017.07.10-17.09.37:488][  0]LogRHI: Texture pool is 1361 MB (70% of 1945 MB)
[2017.07.10-17.09.37:502][  0]LogD3D11RHI: Async texture creation enabled
[2017.07.10-17.09.37:512][  0]LogD3D11RHI: GPU Timing Frequency: 1000.000000 (Debug: 2 1)
[2017.07.10-17.09.37:512][  0]LogShaderCompilers: Guid format shader working directory is 26 characters bigger than the processId version (D:/New folder/MyProject/Intermediate/Shaders/WorkingDirectory/9620/).
[2017.07.10-17.09.37:513][  0]LogShaderCompilers: Cleaned the shader compiler working directory 'C:/Users/IGMAdmin/AppData/Local/Temp/UnrealShaderWorkingDir/63AB1E524904C282EB32CBAD571D9CD4/'.
[2017.07.10-17.09.37:513][  0]LogShaderCompilers:Display: Using Local Shader Compiler.
[2017.07.10-17.09.38:425][  0]LogTemp:Display: Loaded TP AllDesktopTargetPlatform
[2017.07.10-17.09.38:471][  0]LogTemp:Display: Loaded TP MacClientTargetPlatform
[2017.07.10-17.09.38:517][  0]LogTemp:Display: Loaded TP MacNoEditorTargetPlatform
[2017.07.10-17.09.38:564][  0]LogTemp:Display: Loaded TP MacServerTargetPlatform
[2017.07.10-17.09.38:613][  0]LogTemp:Display: Loaded TP MacTargetPlatform
[2017.07.10-17.09.38:659][  0]LogTemp:Display: Loaded TP WindowsClientTargetPlatform
[2017.07.10-17.09.38:710][  0]LogTemp:Display: Loaded TP WindowsNoEditorTargetPlatform
[2017.07.10-17.09.38:756][  0]LogTemp:Display: Loaded TP WindowsServerTargetPlatform
[2017.07.10-17.09.38:794][  0]LogTemp:Display: Loaded TP WindowsTargetPlatform
[2017.07.10-17.09.38:839][  0]LogTemp:Display: Loaded TP AndroidTargetPlatform
[2017.07.10-17.09.38:884][  0]LogTemp:Display: Loaded TP Android_ASTCTargetPlatform
[2017.07.10-17.09.38:929][  0]LogTemp:Display: Loaded TP Android_ATCTargetPlatform
[2017.07.10-17.09.38:978][  0]LogTemp:Display: Loaded TP Android_DXTTargetPlatform
[2017.07.10-17.09.39:027][  0]LogTemp:Display: Loaded TP Android_ETC1TargetPlatform
[2017.07.10-17.09.39:091][  0]LogTemp:Display: Loaded TP Android_ETC2TargetPlatform
[2017.07.10-17.09.39:199][  0]LogTemp:Display: Loaded TP Android_MultiTargetPlatform
[2017.07.10-17.09.39:199][  0]LogTemp:Display: Loaded TP Android_PVRTCTargetPlatform
[2017.07.10-17.09.39:230][  0]LogTemp:Display: Loaded TP HTML5TargetPlatform
[2017.07.10-17.09.39:304][  0]LogTemp:Display: Loaded TP IOSTargetPlatform
[2017.07.10-17.09.39:332][  0]LogTemp:Display: Loaded TP TVOSTargetPlatform
[2017.07.10-17.09.39:378][  0]LogTemp:Display: Loaded TP LinuxClientTargetPlatform
[2017.07.10-17.09.39:422][  0]LogTemp:Display: Loaded TP LinuxNoEditorTargetPlatform
[2017.07.10-17.09.39:467][  0]LogTemp:Display: Loaded TP LinuxServerTargetPlatform
[2017.07.10-17.09.39:513][  0]LogTemp:Display: Loaded TP LinuxTargetPlatform
[2017.07.10-17.09.39:513][  0]LogTargetPlatformManager:Display: Building Assets For Windows
[2017.07.10-17.09.39:836][  0]LogDerivedDataCache:Display: Max Cache Size: 512 MB
[2017.07.10-17.09.39:879][  0]LogDerivedDataCache: Loaded boot cache 0.04s 50MB C:/Users/IGMAdmin/AppData/Local/UnrealEngine/4.14/DerivedDataCache/Boot.ddc.
[2017.07.10-17.09.39:879][  0]LogDerivedDataCache:Display: Loaded Boot cache: C:/Users/IGMAdmin/AppData/Local/UnrealEngine/4.14/DerivedDataCache/Boot.ddc
[2017.07.10-17.09.39:879][  0]LogDerivedDataCache: FDerivedDataBackendGraph:  Pak pak cache file D:/New folder/MyProject/DerivedDataCache/DDC.ddp not found, will not use a pak cache.
[2017.07.10-17.09.39:879][  0]LogDerivedDataCache: Unable to find inner node Pak for hierarchical cache Hierarchy.
[2017.07.10-17.09.39:879][  0]LogDerivedDataCache: FDerivedDataBackendGraph:  CompressedPak pak cache file D:/New folder/MyProject/DerivedDataCache/Compressed.ddp not found, will not use a pak cache.
[2017.07.10-17.09.39:879][  0]LogDerivedDataCache: Unable to find inner node CompressedPak for hierarchical cache Hierarchy.
[2017.07.10-17.09.39:894][  0]LogDerivedDataCache:Display: Pak cache opened for reading ../../../Engine/DerivedDataCache/Compressed.ddp.
[2017.07.10-17.09.39:906][  0]LogDerivedDataCache: Using Local data cache path C:/Users/IGMAdmin/AppData/Local/UnrealEngine/Common/DerivedDataCache: Writable
[2017.07.10-17.09.40:075][  0]LogInit: Selected Device Profile: [Windows]
[2017.07.10-17.09.40:077][  0]LogContentStreaming: Texture pool size is 0.00 MB
[2017.07.10-17.09.40:248][  0]LogMeshUtilities: Using QuadricMeshReduction for automatic static mesh reduction
[2017.07.10-17.09.40:284][  0]LogSimplygon: Simplygon DLL not present - disabling.
[2017.07.10-17.09.40:321][  0]LogMeshUtilities: Using SimplygonSwarm for distributed automatic mesh merging
[2017.07.10-17.09.40:321][  0]LogMeshUtilities: No automatic skeletal mesh reduction module available
[2017.07.10-17.09.40:321][  0]LogMeshUtilities: No automatic mesh merging module available
[2017.07.10-17.09.40:736][  0]LogNetVersion: GetLocalNetworkVersion: CL: 3195953, ProjectName: myproject, ProjectVersion: , EngineNetworkVersion: 2, GameNetworkVersion: 0, NetworkChecksum: 2754685603
[2017.07.10-17.09.40:787][  0]LogAssetRegistry: FAssetRegistry took 0.0219 seconds to start up
[2017.07.10-17.09.40:830][  0]LogPackageLocalizationCache: Processed 3 localized package path(s) for 2 prioritized culture(s) in 0.019689 seconds
[2017.07.10-17.09.40:836][  0]LogUObjectArray: 31946 objects as part of root set at end of initial load.
[2017.07.10-17.09.40:836][  0]LogUObjectAllocator: 6935848 out of 0 bytes used by permanent object pool.
[2017.07.10-17.09.40:836][  0]LogUObjectArray: CloseDisregardForGC: 0/0 objects in disregard for GC pool
[2017.07.10-17.09.40:888][  0]LogInit: WinSock: version 1.1 (2.2), MaxSocks=32767, MaxUdp=65467
[2017.07.10-17.09.41:556][  0]LogSlate: Using Freetype 2.6.0
[2017.07.10-17.09.41:556][  0]LogSlate: SlateFontCache - WITH_FREETYPE: 1, WITH_HARFBUZZ: 1
[2017.07.10-17.09.41:556][  0]LogSlate: SlateFontCache - WITH_FREETYPE: 1, WITH_HARFBUZZ: 1
[2017.07.10-17.09.42:262][  0]LogTcpMessaging: Initializing TcpMessaging bridge
[2017.07.10-17.09.42:315][  0]LogUdpMessaging: Initializing bridge on interface 0.0.0.0:0 to multicast group 230.0.0.1:6666.
[2017.07.10-17.09.42:594][  0]LogMaterial: Uniform references updated for custom material expression Custom.
[2017.07.10-17.09.42:938][  0]SourceControl: Info Source control is disabled
[2017.07.10-17.09.42:981][  0]SourceControl: Info Source control is disabled
[2017.07.10-17.09.43:023][  0]SourceControl: Info Source control is disabled
[2017.07.10-17.09.43:063][  0]SourceControl: Info Source control is disabled
[2017.07.10-17.09.44:192][  0]LogEngine: Initializing Engine...
[2017.07.10-17.09.44:192][  0]LogHMD: Failed to initialize OpenVR with code 110
[2017.07.10-17.09.44:418][  0]LogAIModule: Creating AISystem for world Untitled
[2017.07.10-17.09.44:434][  0]LogInit: XAudio2 using 'Alienware2310-C (NVIDIA High Definition Audio)' : 2 channels at 48 kHz using 16 bits per sample (channel mask 0x3)
[2017.07.10-17.09.44:451][  0]LogInit: FAudioDevice initialized.
[2017.07.10-17.09.44:473][  0]LogDerivedDataCache: Saved boot cache 0.02s 50MB C:/Users/IGMAdmin/AppData/Local/UnrealEngine/4.14/DerivedDataCache/Boot.ddc.
[2017.07.10-17.09.44:480][  0]LogInit: Texture streaming: Enabled
[2017.07.10-17.09.44:649][  0]LogInit: Transaction tracking system initialized
[2017.07.10-17.09.44:973][  0]BlueprintLog: New page: Editor Load
[2017.07.10-17.09.45:855][  0]LocalizationService: Info Localization service is disabled
[2017.07.10-17.09.46:478][  0]LogConsoleResponse:Display: 
[2017.07.10-17.09.46:593][  0]LogCook:Display: Max memory allowance for cook 16384mb min free memory 0mb
[2017.07.10-17.09.46:593][  0]LogCook:Display: Mobile HDR setting 1
[2017.07.10-17.09.47:380][  0]LogFileCache: Scanning file cache for directory 'D:/New folder/MyProject/Content/' took 0.01s
[2017.07.10-17.09.47:380][  0]SourceControl: Info Source control is disabled
[2017.07.10-17.09.47:380][  0]Cmd: MAP LOAD FILE="D:/New folder/MyProject/Content/FirstPersonBP/Maps/FirstPersonExampleMap.umap" TEMPLATE=0 SHOWPROGRESS=1 FEATURELEVEL=3
[2017.07.10-17.09.47:380][  0]LightingResults: New page: Lighting Build
[2017.07.10-17.09.47:414][  0]MapCheck: New page: Map Check
[2017.07.10-17.09.47:414][  0]LightingResults: New page: Lighting Build
[2017.07.10-17.09.47:812][  0]LogTexture:Display: Building textures: T_FPGun_N (BC5)
[2017.07.10-17.09.48:343][  0]LogTexture:Display: Building textures: T_FPGun_M (AutoDXT)
[2017.07.10-17.09.49:231][  0]LogTexture:Display: Building textures: T_ML_Aluminum01 (AutoDXT)
[2017.07.10-17.09.54:674][  0]LogTexture:Display: Building textures: T_ML_Aluminum01_N (BC5)
[2017.07.10-17.09.55:440][  0]LogTexture:Display: Building textures: T_ML_Rubber_Blue_01_D (AutoDXT)
[2017.07.10-17.10.01:027][  0]LogTexture:Display: Building textures: T_ML_Rubber_Blue_01_N (BC5)
[2017.07.10-17.10.01:747][  0]LogTexture:Display: Building textures: T_ML_Rubber_Blue_01_D (AutoDXT)
[2017.07.10-17.10.07:238][  0]LogTexture:Display: Building textures: T_ML_Rubber_Blue_01_N (BC5)
[2017.07.10-17.10.07:833][  0]LogTexture:Display: Building textures: T_ML_Aluminum01_N (BC5)
[2017.07.10-17.10.08:543][  0]LogTexture:Display: Building textures: T_ML_Aluminum01 (AutoDXT)
[2017.07.10-17.10.14:068][  0]LogTexture:Display: Building textures: HQ_Lightmap0_1 (AutoDXT)
[2017.07.10-17.10.15:041][  0]LogTexture:Display: Building textures: HQ_Lightmap0_2 (AutoDXT)
[2017.07.10-17.10.15:844][  0]LogTexture:Display: Building textures: HQ_Lightmap0_3 (AutoDXT)
[2017.07.10-17.10.17:598][  0]LogTexture:Display: Building textures: HQ_Lightmap0_4 (AutoDXT)
[2017.07.10-17.10.18:141][  0]LogTexture:Display: Building textures: HQ_Lightmap0_5 (AutoDXT)
[2017.07.10-17.10.18:179][  0]LogTexture:Display: Building textures: LQ_Lightmap_0_1 (DXT1)
[2017.07.10-17.10.18:422][  0]LogTexture:Display: Building textures: LQ_Lightmap_0_2 (DXT1)
[2017.07.10-17.10.18:678][  0]LogTexture:Display: Building textures: LQ_Lightmap_0_3 (DXT1)
[2017.07.10-17.10.19:166][  0]LogTexture:Display: Building textures: LQ_Lightmap_0_4 (DXT1)
[2017.07.10-17.10.19:369][  0]LogTexture:Display: Building textures: LQ_Lightmap_0_5 (DXT1)
[2017.07.10-17.10.19:395][  0]LogTexture:Display: Building textures: SkyOcclusion0_1 (AutoDXT)
[2017.07.10-17.10.19:772][  0]LogTexture:Display: Building textures: SkyOcclusion0_2 (AutoDXT)
[2017.07.10-17.10.20:116][  0]LogTexture:Display: Building textures: SkyOcclusion0_3 (AutoDXT)
[2017.07.10-17.10.20:693][  0]LogTexture:Display: Building textures: SkyOcclusion0_4 (AutoDXT)
[2017.07.10-17.10.20:976][  0]LogTexture:Display: Building textures: SkyOcclusion0_5 (AutoDXT)
[2017.07.10-17.10.20:985][  0]LogTexture:Display: Building textures: ShadowMapTexture2D_0 (G8)
[2017.07.10-17.10.21:044][  0]LogTexture:Display: Building textures: ShadowMapTexture2D_1 (G8)
[2017.07.10-17.10.21:100][  0]LogTexture:Display: Building textures: ShadowMapTexture2D_2 (G8)
[2017.07.10-17.10.21:156][  0]LogTexture:Display: Building textures: ShadowMapTexture2D_3 (G8)
[2017.07.10-17.10.21:212][  0]LogTexture:Display: Building textures: ShadowMapTexture2D_4 (G8)
[2017.07.10-17.10.21:267][  0]LogTexture:Display: Building textures: ShadowMapTexture2D_5 (G8)
[2017.07.10-17.10.21:322][  0]LogTexture:Display: Building textures: ShadowMapTexture2D_6 (G8)
[2017.07.10-17.10.21:371][  0]LogTexture:Display: Building textures: ShadowMapTexture2D_7 (G8)
[2017.07.10-17.10.21:380][  0]LogTexture:Display: Building textures: FirstPersonCrosshair (AutoDXT)
[2017.07.10-17.10.21:419][  0]LogAIModule: Creating AISystem for world FirstPersonExampleMap
[2017.07.10-17.10.21:431][  0]LogEditorServer: Finished looking for orphan Actors (0.000 secs)
[2017.07.10-17.10.21:431][  0]Cmd: MAP CHECKDEP NOCLEARLOG
[2017.07.10-17.10.21:469][  0]MapCheck: Info Map check complete: 0 Error(s), 0 Warning(s), took 37.33ms to complete.
[2017.07.10-17.10.21:469][  0]LogFileHelpers: Loading map 'FirstPersonExampleMap' took 34.090
[2017.07.10-17.10.21:525][  0]LogWindowsTextInputMethodSystem:Display: IME system now deactivated.
[2017.07.10-17.10.21:605][  0]LogCollectionManager: Loaded 0 collections in 0.001283 seconds
[2017.07.10-17.10.21:679][  0]LogFileCache: Scanning file cache for directory 'D:/New folder/MyProject/Saved/Collections/' took 0.01s
[2017.07.10-17.10.21:679][  0]LogFileCache: Scanning file cache for directory 'D:/New folder/MyProject/Content/Developers/IGMAdmin/Collections/' took 0.01s
[2017.07.10-17.10.21:679][  0]LogFileCache: Scanning file cache for directory 'D:/New folder/MyProject/Content/Collections/' took 0.01s
[2017.07.10-17.10.21:679][  0]LogCollectionManager: Rebuilt the GUID cache for 0 collections in 0.000002 seconds
[2017.07.10-17.10.21:687][  0]LogContentBrowser: Native class hierarchy populated in 0.0076 seconds. Added 2190 classes and 428 folders.
[2017.07.10-17.10.21:723][  0]LogStats: UGameplayTagsManager::ConstructGameplayTagTree: Construct from data asset -  0.000 s
[2017.07.10-17.10.21:723][  0]LogStats: UGameplayTagsManager::ConstructGameplayTagTree: GameplayTagTreeChangedEvent.Broadcast -  0.000 s
[2017.07.10-17.10.21:724][  0]LogContentBrowser: Native class hierarchy updated for 'GameplayTags' in 0.0004 seconds. Added 13 classes and 0 folders.
[2017.07.10-17.10.21:775][  0]LogContentBrowser: Native class hierarchy updated for 'WidgetCarousel' in 0.0004 seconds. Added 0 classes and 0 folders.
[2017.07.10-17.10.21:806][  0]LogContentBrowser: Native class hierarchy updated for 'AddContentDialog' in 0.0004 seconds. Added 0 classes and 0 folders.
[2017.07.10-17.10.21:844][  0]LogContentBrowser: Native class hierarchy updated for 'SceneOutliner' in 0.0004 seconds. Added 1 classes and 2 folders.
[2017.07.10-17.10.21:876][  0]LogCrashTracker: Crashtracker disabled due to settings.
[2017.07.10-17.10.21:881][  0]LogUObjectGlobals:Warning: Failed to find object 'Class None.'
[2017.07.10-17.10.21:942][  0]LogContentBrowser: Native class hierarchy updated for 'HierarchicalLODOutliner' in 0.0004 seconds. Added 1 classes and 2 folders.
[2017.07.10-17.10.21:942][  0]LogLoad: (Engine Initialization) Total time: 46.34 seconds
[2017.07.10-17.10.21:942][  0]LogLoad: (Engine Initialization) Total Blueprint compile time: 0.16 seconds
[2017.07.10-17.10.21:942][  0]LogExternalProfiler: Found external profiler: VSPerf
[2017.07.10-17.10.21:942][  0]LogExternalProfiler: Using external profiler: VSPerf
[2017.07.10-17.10.21:951][  0]LogOcInput: OculusInput pre-init called
[2017.07.10-17.10.21:970][  0]LogContentStreaming: Texture pool size now 1000 MB
[2017.07.10-17.10.22:119][  0]LogRenderer: Reallocating scene render targets to support 1208x576 NumSamples 1 (Frame:2).
[2017.07.10-17.10.22:187][  1]LogAssetRegistry: Asset discovery search completed in 41.4220 seconds
[2017.07.10-17.10.22:187][  1]LogCollectionManager: Rebuilt the object cache for 0 collections in 0.000001 seconds (found 0 objects)
[2017.07.10-17.10.22:187][  1]LogCollectionManager: Fixed up redirectors for 0 collections in 0.000030 seconds (updated 0 objects)
[2017.07.10-17.10.29:272][840]LogEditorViewport: Clicking on Actor (LMB): TextRenderActor (TemplateLabel)
[2017.07.10-17.10.30:380][967]LogEditorViewport: Clicking on Actor (LMB): StaticMeshActor (Floor)
[2017.07.10-17.10.32:764][247]LogTemp: Repeting last play command: Selected Viewport
[2017.07.10-17.10.32:773][247]LogBlueprintUserMessages: Early PlayInEditor Detection: Level '/Game/FirstPersonBP/Maps/FirstPersonExampleMap.FirstPersonExampleMap:PersistentLevel' has LevelScriptBlueprint '/Game/FirstPersonBP/Maps/FirstPersonExampleMap.FirstPersonExampleMap:PersistentLevel.FirstPersonExampleMap' with GeneratedClass '/Game/FirstPersonBP/Maps/FirstPersonExampleMap.FirstPersonExampleMap_C' with ClassGeneratedBy '/Game/FirstPersonBP/Maps/FirstPersonExampleMap.FirstPersonExampleMap:PersistentLevel.FirstPersonExampleMap'
[2017.07.10-17.10.32:773][247]LogPlayLevel: PlayLevel: No blueprints needed recompiling
[2017.07.10-17.10.32:773][247]PIE: New page: PIE session: FirstPersonExampleMap (Jul 10, 2017, 9:10:32 AM)
[2017.07.10-17.10.32:773][247]LogPlayLevel: Creating play world package: /Game/FirstPersonBP/Maps/UEDPIE_0_FirstPersonExampleMap
[2017.07.10-17.10.32:795][247]LogPlayLevel: PIE: StaticDuplicateObject took: (0.021708s)
[2017.07.10-17.10.32:796][247]LogAIModule: Creating AISystem for world FirstPersonExampleMap
[2017.07.10-17.10.32:796][247]LogPlayLevel: PIE: World Init took: (0.001024s)
[2017.07.10-17.10.32:796][247]LogPlayLevel: PIE: Created PIE world by copying editor world from /Game/FirstPersonBP/Maps/FirstPersonExampleMap.FirstPersonExampleMap to /Game/FirstPersonBP/Maps/UEDPIE_0_FirstPersonExampleMap.FirstPersonExampleMap (0.022961s)
[2017.07.10-17.10.32:829][247]LogInit: XAudio2 using 'Alienware2310-C (NVIDIA High Definition Audio)' : 2 channels at 48 kHz using 16 bits per sample (channel mask 0x3)
[2017.07.10-17.10.32:833][247]LogInit: FAudioDevice initialized.
[2017.07.10-17.10.32:874][247]LogLoad: Game class is 'FirstPersonGameMode_C'
[2017.07.10-17.10.32:876][247]LogWorld: Bringing World /Game/FirstPersonBP/Maps/UEDPIE_0_FirstPersonExampleMap.FirstPersonExampleMap up for play (max tick rate 0) at 2017.07.10-13.10.32
[2017.07.10-17.10.32:876][247]LogWorld: Bringing up level for play took: 0.002340
[2017.07.10-17.10.32:912][247]LogContentBrowser: Native class hierarchy updated for 'MovieSceneCapture' in 0.0004 seconds. Added 11 classes and 0 folders.
[2017.07.10-17.10.32:912][247]PIE: Info Play in editor start time for /Game/FirstPersonBP/Maps/UEDPIE_0_FirstPersonExampleMap 1.1
[2017.07.10-17.10.32:912][247]LogBlueprintUserMessages: Late PlayInEditor Detection: Level '/Game/FirstPersonBP/Maps/FirstPersonExampleMap.FirstPersonExampleMap:PersistentLevel' has LevelScriptBlueprint '/Game/FirstPersonBP/Maps/FirstPersonExampleMap.FirstPersonExampleMap:PersistentLevel.FirstPersonExampleMap' with GeneratedClass '/Game/FirstPersonBP/Maps/FirstPersonExampleMap.FirstPersonExampleMap_C' with ClassGeneratedBy '/Game/FirstPersonBP/Maps/FirstPersonExampleMap.FirstPersonExampleMap:PersistentLevel.FirstPersonExampleMap'
[2017.07.10-17.11.24:862][464]LogSpawn:Warning: SpawnActor failed because of collision at the spawn location [X=1513.728 Y=-928.739 Z=305.303] for [FirstPersonProjectile_C]
[2017.07.10-17.11.47:566][187]LogSpawn:Warning: SpawnActor failed because of collision at the spawn location [X=-1334.466 Y=-1661.254 Z=287.002] for [FirstPersonProjectile_C]
[2017.07.10-17.11.47:850][221]LogSpawn:Warning: SpawnActor failed because of collision at the spawn location [X=-1338.240 Y=-1666.576 Z=280.057] for [FirstPersonProjectile_C]
[2017.07.10-17.11.48:133][255]LogSpawn:Warning: SpawnActor failed because of collision at the spawn location [X=-1349.792 Y=-1628.085 Z=282.013] for [FirstPersonProjectile_C]
[2017.07.10-17.12.08:025][642]LogSpawn:Warning: SpawnActor failed because of collision at the spawn location [X=189.458 Y=1748.347 Z=272.022] for [FirstPersonProjectile_C]
[2017.07.10-17.12.08:250][669]LogSpawn:Warning: SpawnActor failed because of collision at the spawn location [X=218.104 Y=1732.468 Z=277.140] for [FirstPersonProjectile_C]
[2017.07.10-17.12.11:350][ 41]LogSpawn:Warning: SpawnActor failed because of collision at the spawn location [X=393.766 Y=1552.188 Z=246.397] for [FirstPersonProjectile_C]
[2017.07.10-17.12.11:607][ 72]LogCharacterMovement: FirstPersonCharacter_C_1 is stuck and failed to move! Velocity: X=122.90 Y=7.08 Z=0.00 Location: X=298.28 Y=1646.03 Z=268.45 Normal: X=-0.39 Y=0.92 Z=0.07 PenetrationDepth:0.039 Actor:EditorCube11_5 Component:StaticMeshComponent0 BoneName:None (0 other events since notify)
[2017.07.10-17.12.11:625][ 74]LogSpawn:Warning: SpawnActor failed because of collision at the spawn location [X=264.336 Y=1495.625 Z=276.660] for [FirstPersonProjectile_C]
[2017.07.10-17.12.11:984][117]LogSpawn:Warning: SpawnActor failed because of collision at the spawn location [X=328.269 Y=1528.536 Z=178.334] for [FirstPersonProjectile_C]
[2017.07.10-17.12.12:392][166]LogSpawn:Warning: SpawnActor failed because of collision at the spawn location [X=389.357 Y=1563.869 Z=257.120] for [FirstPersonProjectile_C]
[2017.07.10-17.12.29:183][181]LogBlueprintUserMessages: Early EndPlayMap Detection: Level '/Game/FirstPersonBP/Maps/FirstPersonExampleMap.FirstPersonExampleMap:PersistentLevel' has LevelScriptBlueprint '/Game/FirstPersonBP/Maps/FirstPersonExampleMap.FirstPersonExampleMap:PersistentLevel.FirstPersonExampleMap' with GeneratedClass '/Game/FirstPersonBP/Maps/FirstPersonExampleMap.FirstPersonExampleMap_C' with ClassGeneratedBy '/Game/FirstPersonBP/Maps/FirstPersonExampleMap.FirstPersonExampleMap:PersistentLevel.FirstPersonExampleMap'
[2017.07.10-17.12.29:229][181]LogBlueprintUserMessages: Late EndPlayMap Detection: Level '/Game/FirstPersonBP/Maps/FirstPersonExampleMap.FirstPersonExampleMap:PersistentLevel' has LevelScriptBlueprint '/Game/FirstPersonBP/Maps/FirstPersonExampleMap.FirstPersonExampleMap:PersistentLevel.FirstPersonExampleMap' with GeneratedClass '/Game/FirstPersonBP/Maps/FirstPersonExampleMap.FirstPersonExampleMap_C' with ClassGeneratedBy '/Game/FirstPersonBP/Maps/FirstPersonExampleMap.FirstPersonExampleMap:PersistentLevel.FirstPersonExampleMap'
[2017.07.10-17.12.40:711][553]LogEditorViewport: Clicking on Actor (LMB): FirstPersonCharacter_C (FirstPersonCharacter)
[2017.07.10-17.12.42:537][762]LogEditorViewport: Clicking on Actor (LMB): FirstPersonCharacter_C (FirstPersonCharacter)
[2017.07.10-17.12.42:639][773]LogEditorViewport: Clicking on Component (LMB): SkeletalMeshComponent (Mesh2P)
[2017.07.10-17.12.51:206][797]LogEditorViewport: Clicking on Component (LMB): SkeletalMeshComponent (Mesh2P)
[2017.07.10-17.12.51:695][855]LogEditorViewport: Clicking on Component (LMB): SkeletalMeshComponent (Mesh2P)
[2017.07.10-17.12.51:769][863]LogEditorViewport: Clicking on Actor (double click): FirstPersonCharacter_C (FirstPersonCharacter)
[2017.07.10-17.13.02:928][195]LogTemp: Repeting last play command: Selected Viewport
[2017.07.10-17.13.02:937][195]LogBlueprintUserMessages: Early PlayInEditor Detection: Level '/Game/FirstPersonBP/Maps/FirstPersonExampleMap.FirstPersonExampleMap:PersistentLevel' has LevelScriptBlueprint '/Game/FirstPersonBP/Maps/FirstPersonExampleMap.FirstPersonExampleMap:PersistentLevel.FirstPersonExampleMap' with GeneratedClass '/Game/FirstPersonBP/Maps/FirstPersonExampleMap.FirstPersonExampleMap_C' with ClassGeneratedBy '/Game/FirstPersonBP/Maps/FirstPersonExampleMap.FirstPersonExampleMap:PersistentLevel.FirstPersonExampleMap'
[2017.07.10-17.13.02:937][195]LogPlayLevel: PlayLevel: No blueprints needed recompiling
[2017.07.10-17.13.02:937][195]PIE: New page: PIE session: FirstPersonExampleMap (Jul 10, 2017, 9:13:02 AM)
[2017.07.10-17.13.02:937][195]LogPlayLevel: Creating play world package: /Game/FirstPersonBP/Maps/UEDPIE_0_FirstPersonExampleMap
[2017.07.10-17.13.02:956][195]LogPlayLevel: PIE: StaticDuplicateObject took: (0.018182s)
[2017.07.10-17.13.02:957][195]LogAIModule: Creating AISystem for world FirstPersonExampleMap
[2017.07.10-17.13.02:957][195]LogPlayLevel: PIE: World Init took: (0.001107s)
[2017.07.10-17.13.02:957][195]LogPlayLevel: PIE: Created PIE world by copying editor world from /Game/FirstPersonBP/Maps/FirstPersonExampleMap.FirstPersonExampleMap to /Game/FirstPersonBP/Maps/UEDPIE_0_FirstPersonExampleMap.FirstPersonExampleMap (0.019530s)
[2017.07.10-17.13.03:011][195]LogInit: XAudio2 using 'Alienware2310-C (NVIDIA High Definition Audio)' : 2 channels at 48 kHz using 16 bits per sample (channel mask 0x3)
[2017.07.10-17.13.03:015][195]LogInit: FAudioDevice initialized.
[2017.07.10-17.13.03:042][195]LogLoad: Game class is 'FirstPersonGameMode_C'
[2017.07.10-17.13.03:044][195]LogWorld: Bringing World /Game/FirstPersonBP/Maps/UEDPIE_0_FirstPersonExampleMap.FirstPersonExampleMap up for play (max tick rate 0) at 2017.07.10-13.13.03
[2017.07.10-17.13.03:044][195]LogWorld: Bringing up level for play took: 0.001935
[2017.07.10-17.13.03:045][195]PIE: Info Play in editor start time for /Game/FirstPersonBP/Maps/UEDPIE_0_FirstPersonExampleMap -0.766
[2017.07.10-17.13.03:045][195]LogBlueprintUserMessages: Late PlayInEditor Detection: Level '/Game/FirstPersonBP/Maps/FirstPersonExampleMap.FirstPersonExampleMap:PersistentLevel' has LevelScriptBlueprint '/Game/FirstPersonBP/Maps/FirstPersonExampleMap.FirstPersonExampleMap:PersistentLevel.FirstPersonExampleMap' with GeneratedClass '/Game/FirstPersonBP/Maps/FirstPersonExampleMap.FirstPersonExampleMap_C' with ClassGeneratedBy '/Game/FirstPersonBP/Maps/FirstPersonExampleMap.FirstPersonExampleMap:PersistentLevel.FirstPersonExampleMap'
[2017.07.10-17.13.14:340][548]LogBlueprintUserMessages: Early EndPlayMap Detection: Level '/Game/FirstPersonBP/Maps/FirstPersonExampleMap.FirstPersonExampleMap:PersistentLevel' has LevelScriptBlueprint '/Game/FirstPersonBP/Maps/FirstPersonExampleMap.FirstPersonExampleMap:PersistentLevel.FirstPersonExampleMap' with GeneratedClass '/Game/FirstPersonBP/Maps/FirstPersonExampleMap.FirstPersonExampleMap_C' with ClassGeneratedBy '/Game/FirstPersonBP/Maps/FirstPersonExampleMap.FirstPersonExampleMap:PersistentLevel.FirstPersonExampleMap'
[2017.07.10-17.13.14:398][548]LogBlueprintUserMessages: Late EndPlayMap Detection: Level '/Game/FirstPersonBP/Maps/FirstPersonExampleMap.FirstPersonExampleMap:PersistentLevel' has LevelScriptBlueprint '/Game/FirstPersonBP/Maps/FirstPersonExampleMap.FirstPersonExampleMap:PersistentLevel.FirstPersonExampleMap' with GeneratedClass '/Game/FirstPersonBP/Maps/FirstPersonExampleMap.FirstPersonExampleMap_C' with ClassGeneratedBy '/Game/FirstPersonBP/Maps/FirstPersonExampleMap.FirstPersonExampleMap:PersistentLevel.FirstPersonExampleMap'
[2017.07.10-17.13.22:206][476]LogEditorViewport: Clicking on Actor (LMB): StaticMeshActor (Floor)
[2017.07.10-17.13.26:395][970]LogEditorViewport: Clicking on Actor (LMB): FirstPersonCharacter_C (FirstPersonCharacter)
[2017.07.10-17.13.26:629][988]LogEditorViewport: Clicking on Component (LMB): SkeletalMeshComponent (Mesh2P)
[2017.07.10-17.13.27:777][122]LogEditorViewport: Clicking on Component (LMB): SkeletalMeshComponent (Mesh2P)
[2017.07.10-17.13.28:643][225]LogEditorViewport: Clicking on Component (LMB): SkeletalMeshComponent (FP_Gun)
[2017.07.10-17.13.28:742][233]LogEditorViewport: Clicking on Actor (double click): FirstPersonCharacter_C (FirstPersonCharacter)
[2017.07.10-17.13.29:458][314]LogEditorViewport: Clicking on Actor (LMB): FirstPersonCharacter_C (FirstPersonCharacter)
[2017.07.10-17.13.29:568][326]LogEditorViewport: Clicking on Component (LMB): SkeletalMeshComponent (FP_Gun)
[2017.07.10-17.13.31:639][571]LogEditorViewport: Clicking on Component (LMB): CameraComponent (FirstPersonCamera)
[2017.07.10-17.13.31:731][577]LogEditorViewport: Clicking on Actor (double click): FirstPersonCharacter_C (FirstPersonCharacter)
[2017.07.10-17.13.32:435][656]LogEditorViewport: Clicking on Actor (LMB): FirstPersonCharacter_C (FirstPersonCharacter)
[2017.07.10-17.13.32:504][663]LogEditorViewport: Clicking on Component (LMB): CameraComponent (FirstPersonCamera)
[2017.07.10-17.13.33:120][733]LogEditorViewport: Clicking on Component (LMB): CameraComponent (FirstPersonCamera)
[2017.07.10-17.13.33:252][748]LogEditorViewport: Clicking on Actor (double click): FirstPersonCharacter_C (FirstPersonCharacter)
[2017.07.10-17.13.34:665][912]LogEditorViewport: Clicking on Actor (LMB): FirstPersonCharacter_C (FirstPersonCharacter)
[2017.07.10-17.13.34:784][925]LogEditorViewport: Clicking on Component (LMB): SkeletalMeshComponent (Mesh2P)
[2017.07.10-17.13.35:741][ 37]LogEditorViewport: Clicking on Component (LMB): CameraComponent (FirstPersonCamera)
[2017.07.10-17.13.45:917][233]LogTemp: Repeting last play command: Selected Viewport
[2017.07.10-17.13.45:926][233]LogBlueprintUserMessages: Early PlayInEditor Detection: Level '/Game/FirstPersonBP/Maps/FirstPersonExampleMap.FirstPersonExampleMap:PersistentLevel' has LevelScriptBlueprint '/Game/FirstPersonBP/Maps/FirstPersonExampleMap.FirstPersonExampleMap:PersistentLevel.FirstPersonExampleMap' with GeneratedClass '/Game/FirstPersonBP/Maps/FirstPersonExampleMap.FirstPersonExampleMap_C' with ClassGeneratedBy '/Game/FirstPersonBP/Maps/FirstPersonExampleMap.FirstPersonExampleMap:PersistentLevel.FirstPersonExampleMap'
[2017.07.10-17.13.45:926][233]LogPlayLevel: PlayLevel: No blueprints needed recompiling
[2017.07.10-17.13.45:926][233]PIE: New page: PIE session: FirstPersonExampleMap (Jul 10, 2017, 9:13:45 AM)
[2017.07.10-17.13.45:926][233]LogPlayLevel: Creating play world package: /Game/FirstPersonBP/Maps/UEDPIE_0_FirstPersonExampleMap
[2017.07.10-17.13.45:941][233]LogPlayLevel: PIE: StaticDuplicateObject took: (0.015332s)
[2017.07.10-17.13.45:942][233]LogAIModule: Creating AISystem for world FirstPersonExampleMap
[2017.07.10-17.13.45:942][233]LogPlayLevel: PIE: World Init took: (0.000678s)
[2017.07.10-17.13.45:942][233]LogPlayLevel: PIE: Created PIE world by copying editor world from /Game/FirstPersonBP/Maps/FirstPersonExampleMap.FirstPersonExampleMap to /Game/FirstPersonBP/Maps/UEDPIE_0_FirstPersonExampleMap.FirstPersonExampleMap (0.016248s)
[2017.07.10-17.13.45:998][233]LogInit: XAudio2 using 'Alienware2310-C (NVIDIA High Definition Audio)' : 2 channels at 48 kHz using 16 bits per sample (channel mask 0x3)
[2017.07.10-17.13.46:002][233]LogInit: FAudioDevice initialized.
[2017.07.10-17.13.46:031][233]LogLoad: Game class is 'FirstPersonGameMode_C'
[2017.07.10-17.13.46:033][233]LogWorld: Bringing World /Game/FirstPersonBP/Maps/UEDPIE_0_FirstPersonExampleMap.FirstPersonExampleMap up for play (max tick rate 0) at 2017.07.10-13.13.46
[2017.07.10-17.13.46:033][233]LogWorld: Bringing up level for play took: 0.001984
[2017.07.10-17.13.46:034][233]PIE: Info Play in editor start time for /Game/FirstPersonBP/Maps/UEDPIE_0_FirstPersonExampleMap 0.223
[2017.07.10-17.13.46:034][233]LogBlueprintUserMessages: Late PlayInEditor Detection: Level '/Game/FirstPersonBP/Maps/FirstPersonExampleMap.FirstPersonExampleMap:PersistentLevel' has LevelScriptBlueprint '/Game/FirstPersonBP/Maps/FirstPersonExampleMap.FirstPersonExampleMap:PersistentLevel.FirstPersonExampleMap' with GeneratedClass '/Game/FirstPersonBP/Maps/FirstPersonExampleMap.FirstPersonExampleMap_C' with ClassGeneratedBy '/Game/FirstPersonBP/Maps/FirstPersonExampleMap.FirstPersonExampleMap:PersistentLevel.FirstPersonExampleMap'
[2017.07.10-17.14.03:837][367]LogBlueprintUserMessages: Early EndPlayMap Detection: Level '/Game/FirstPersonBP/Maps/FirstPersonExampleMap.FirstPersonExampleMap:PersistentLevel' has LevelScriptBlueprint '/Game/FirstPersonBP/Maps/FirstPersonExampleMap.FirstPersonExampleMap:PersistentLevel.FirstPersonExampleMap' with GeneratedClass '/Game/FirstPersonBP/Maps/FirstPersonExampleMap.FirstPersonExampleMap_C' with ClassGeneratedBy '/Game/FirstPersonBP/Maps/FirstPersonExampleMap.FirstPersonExampleMap:PersistentLevel.FirstPersonExampleMap'
[2017.07.10-17.14.03:901][367]LogBlueprintUserMessages: Late EndPlayMap Detection: Level '/Game/FirstPersonBP/Maps/FirstPersonExampleMap.FirstPersonExampleMap:PersistentLevel' has LevelScriptBlueprint '/Game/FirstPersonBP/Maps/FirstPersonExampleMap.FirstPersonExampleMap:PersistentLevel.FirstPersonExampleMap' with GeneratedClass '/Game/FirstPersonBP/Maps/FirstPersonExampleMap.FirstPersonExampleMap_C' with ClassGeneratedBy '/Game/FirstPersonBP/Maps/FirstPersonExampleMap.FirstPersonExampleMap:PersistentLevel.FirstPersonExampleMap'
[2017.07.10-17.14.11:868][313]Cmd: TRANSACTION UNDO
[2017.07.10-17.14.11:868][313]LogEditorTransaction: Undo Move Components
[2017.07.10-17.14.12:387][369]Cmd: TRANSACTION UNDO
[2017.07.10-17.14.12:387][369]LogEditorTransaction: Undo Move Components
[2017.07.10-17.14.12:780][415]Cmd: TRANSACTION UNDO
[2017.07.10-17.14.12:780][415]LogEditorTransaction: Undo Move Components
[2017.07.10-17.14.13:072][449]Cmd: TRANSACTION UNDO
[2017.07.10-17.14.13:072][449]LogEditorTransaction: Undo Move Components
[2017.07.10-17.14.13:330][479]Cmd: TRANSACTION UNDO
[2017.07.10-17.14.13:330][479]LogEditorTransaction: Undo Clicking on Components
[2017.07.10-17.14.13:554][501]Cmd: TRANSACTION UNDO
[2017.07.10-17.14.13:554][501]LogEditorTransaction: Undo Clicking on Components
[2017.07.10-17.14.13:755][520]Cmd: TRANSACTION UNDO
[2017.07.10-17.14.13:755][520]LogEditorTransaction: Undo Clicking on Actors
[2017.07.10-17.14.13:948][542]Cmd: TRANSACTION UNDO
[2017.07.10-17.14.13:948][542]LogEditorTransaction: Undo Clicking on Actors (double-click)
[2017.07.10-17.14.14:160][562]Cmd: TRANSACTION UNDO
[2017.07.10-17.14.14:160][562]LogEditorTransaction: Undo Clicking on Components
[2017.07.10-17.14.14:399][590]Cmd: TRANSACTION UNDO
[2017.07.10-17.14.14:399][590]LogEditorTransaction: Undo Clicking on Components
[2017.07.10-17.14.14:642][613]Cmd: TRANSACTION UNDO
[2017.07.10-17.14.14:642][613]LogEditorTransaction: Undo Clicking on Actors
[2017.07.10-17.14.14:915][645]Cmd: TRANSACTION UNDO
[2017.07.10-17.14.14:915][645]LogEditorTransaction: Undo Clicking on Actors (double-click)
[2017.07.10-17.14.15:196][674]Cmd: TRANSACTION UNDO
[2017.07.10-17.14.15:196][674]LogEditorTransaction: Undo Clicking on Components
[2017.07.10-17.14.15:456][701]Cmd: TRANSACTION UNDO
[2017.07.10-17.14.15:456][701]LogEditorTransaction: Undo Clicking on Components
[2017.07.10-17.14.15:699][725]Cmd: TRANSACTION UNDO
[2017.07.10-17.14.15:699][725]LogEditorTransaction: Undo Clicking on Actors
[2017.07.10-17.14.15:923][751]Cmd: TRANSACTION UNDO
[2017.07.10-17.14.15:923][751]LogEditorTransaction: Undo Clicking on Actors (double-click)
[2017.07.10-17.14.16:163][776]Cmd: TRANSACTION UNDO
[2017.07.10-17.14.16:163][776]LogEditorTransaction: Undo Clicking on Components
[2017.07.10-17.14.16:417][803]Cmd: TRANSACTION UNDO
[2017.07.10-17.14.16:417][803]LogEditorTransaction: Undo Clicking on Components
[2017.07.10-17.14.16:655][831]Cmd: TRANSACTION UNDO
[2017.07.10-17.14.16:655][831]LogEditorTransaction: Undo Clicking on Components
[2017.07.10-17.14.16:881][853]Cmd: TRANSACTION UNDO
[2017.07.10-17.14.16:881][853]LogEditorTransaction: Undo Clicking on Actors
[2017.07.10-17.14.17:087][871]Cmd: TRANSACTION UNDO
[2017.07.10-17.14.17:087][871]LogEditorTransaction: Undo Clicking on Actors
[2017.07.10-17.14.17:346][893]Cmd: TRANSACTION UNDO
[2017.07.10-17.14.17:346][893]LogEditorTransaction: Undo Edit Enable Gravity
[2017.07.10-17.14.17:350][893]LogActorComponent: ~FComponentReregisterContext: (/Game/FirstPersonBP/Maps/FirstPersonExampleMap.FirstPersonExampleMap:PersistentLevel.FirstPersonCharacter_C_1.CollisionCylinder) Component already registered.
[2017.07.10-17.14.17:773][942]Cmd: TRANSACTION UNDO
[2017.07.10-17.14.17:773][942]LogEditorTransaction: Undo Edit Enable Gravity
[2017.07.10-17.14.17:776][942]LogActorComponent: ~FComponentReregisterContext: (/Game/FirstPersonBP/Maps/FirstPersonExampleMap.FirstPersonExampleMap:PersistentLevel.FirstPersonCharacter_C_1.CollisionCylinder) Component already registered.
[2017.07.10-17.14.18:018][970]Cmd: TRANSACTION UNDO
[2017.07.10-17.14.18:018][970]LogEditorTransaction: Undo Clicking on Actors (double-click)
[2017.07.10-17.14.18:241][993]Cmd: TRANSACTION UNDO
[2017.07.10-17.14.18:241][993]LogEditorTransaction: Undo Clicking on Components
[2017.07.10-17.14.18:481][ 21]Cmd: TRANSACTION UNDO
[2017.07.10-17.14.18:481][ 21]LogEditorTransaction: Undo Clicking on Components
[2017.07.10-17.14.18:703][ 47]Cmd: TRANSACTION UNDO
[2017.07.10-17.14.18:703][ 47]LogEditorTransaction: Undo Clicking on Components
[2017.07.10-17.14.18:929][ 69]Cmd: TRANSACTION UNDO
[2017.07.10-17.14.18:930][ 69]LogEditorTransaction: Undo Clicking on Actors
[2017.07.10-17.14.19:154][ 95]Cmd: TRANSACTION UNDO
[2017.07.10-17.14.19:154][ 95]LogEditorTransaction: Undo Clicking on Actors
[2017.07.10-17.14.19:372][115]Cmd: TRANSACTION UNDO
[2017.07.10-17.14.19:372][115]LogEditorTransaction: Undo Clicking on Actors
[2017.07.10-17.14.19:619][142]Cmd: TRANSACTION UNDO
[2017.07.10-17.14.19:619][142]LogEditorTransaction: Undo Clicking on Actors
[2017.07.10-17.14.23:078][557]LogTemp: Repeting last play command: Selected Viewport
[2017.07.10-17.14.23:082][557]LogBlueprintUserMessages: Early PlayInEditor Detection: Level '/Game/FirstPersonBP/Maps/FirstPersonExampleMap.FirstPersonExampleMap:PersistentLevel' has LevelScriptBlueprint '/Game/FirstPersonBP/Maps/FirstPersonExampleMap.FirstPersonExampleMap:PersistentLevel.FirstPersonExampleMap' with GeneratedClass '/Game/FirstPersonBP/Maps/FirstPersonExampleMap.FirstPersonExampleMap_C' with ClassGeneratedBy '/Game/FirstPersonBP/Maps/FirstPersonExampleMap.FirstPersonExampleMap:PersistentLevel.FirstPersonExampleMap'
[2017.07.10-17.14.23:082][557]LogPlayLevel: PlayLevel: No blueprints needed recompiling
[2017.07.10-17.14.23:082][557]PIE: New page: PIE session: FirstPersonExampleMap (Jul 10, 2017, 9:14:23 AM)
[2017.07.10-17.14.23:082][557]LogPlayLevel: Creating play world package: /Game/FirstPersonBP/Maps/UEDPIE_0_FirstPersonExampleMap
[2017.07.10-17.14.23:096][557]LogPlayLevel: PIE: StaticDuplicateObject took: (0.014191s)
[2017.07.10-17.14.23:097][557]LogAIModule: Creating AISystem for world FirstPersonExampleMap
[2017.07.10-17.14.23:097][557]LogPlayLevel: PIE: World Init took: (0.000674s)
[2017.07.10-17.14.23:097][557]LogPlayLevel: PIE: Created PIE world by copying editor world from /Game/FirstPersonBP/Maps/FirstPersonExampleMap.FirstPersonExampleMap to /Game/FirstPersonBP/Maps/UEDPIE_0_FirstPersonExampleMap.FirstPersonExampleMap (0.015088s)
[2017.07.10-17.14.23:127][557]LogInit: XAudio2 using 'Alienware2310-C (NVIDIA High Definition Audio)' : 2 channels at 48 kHz using 16 bits per sample (channel mask 0x3)
[2017.07.10-17.14.23:131][557]LogInit: FAudioDevice initialized.
[2017.07.10-17.14.23:160][557]LogLoad: Game class is 'FirstPersonGameMode_C'
[2017.07.10-17.14.23:162][557]LogWorld: Bringing World /Game/FirstPersonBP/Maps/UEDPIE_0_FirstPersonExampleMap.FirstPersonExampleMap up for play (max tick rate 0) at 2017.07.10-13.14.23
[2017.07.10-17.14.23:163][557]LogWorld: Bringing up level for play took: 0.002306
[2017.07.10-17.14.23:163][557]PIE: Info Play in editor start time for /Game/FirstPersonBP/Maps/UEDPIE_0_FirstPersonExampleMap -0.648
[2017.07.10-17.14.23:164][557]LogBlueprintUserMessages: Late PlayInEditor Detection: Level '/Game/FirstPersonBP/Maps/FirstPersonExampleMap.FirstPersonExampleMap:PersistentLevel' has LevelScriptBlueprint '/Game/FirstPersonBP/Maps/FirstPersonExampleMap.FirstPersonExampleMap:PersistentLevel.FirstPersonExampleMap' with GeneratedClass '/Game/FirstPersonBP/Maps/FirstPersonExampleMap.FirstPersonExampleMap_C' with ClassGeneratedBy '/Game/FirstPersonBP/Maps/FirstPersonExampleMap.FirstPersonExampleMap:PersistentLevel.FirstPersonExampleMap'
[2017.07.10-17.14.45:676][256]LogSpawn:Warning: SpawnActor failed because of collision at the spawn location [X=314.634 Y=1736.297 Z=270.573] for [FirstPersonProjectile_C]
[2017.07.10-17.14.45:951][289]LogSpawn:Warning: SpawnActor failed because of collision at the spawn location [X=350.514 Y=1798.875 Z=327.632] for [FirstPersonProjectile_C]
[2017.07.10-17.14.46:268][327]LogSpawn:Warning: SpawnActor failed because of collision at the spawn location [X=348.496 Y=1812.280 Z=314.506] for [FirstPersonProjectile_C]
[2017.07.10-17.14.46:543][360]LogSpawn:Warning: SpawnActor failed because of collision at the spawn location [X=331.486 Y=1730.336 Z=284.349] for [FirstPersonProjectile_C]
[2017.07.10-17.15.06:286][729]LogBlueprintUserMessages: Early EndPlayMap Detection: Level '/Game/FirstPersonBP/Maps/FirstPersonExampleMap.FirstPersonExampleMap:PersistentLevel' has LevelScriptBlueprint '/Game/FirstPersonBP/Maps/FirstPersonExampleMap.FirstPersonExampleMap:PersistentLevel.FirstPersonExampleMap' with GeneratedClass '/Game/FirstPersonBP/Maps/FirstPersonExampleMap.FirstPersonExampleMap_C' with ClassGeneratedBy '/Game/FirstPersonBP/Maps/FirstPersonExampleMap.FirstPersonExampleMap:PersistentLevel.FirstPersonExampleMap'
[2017.07.10-17.15.06:316][729]LogBlueprintUserMessages: Late EndPlayMap Detection: Level '/Game/FirstPersonBP/Maps/FirstPersonExampleMap.FirstPersonExampleMap:PersistentLevel' has LevelScriptBlueprint '/Game/FirstPersonBP/Maps/FirstPersonExampleMap.FirstPersonExampleMap:PersistentLevel.FirstPersonExampleMap' with GeneratedClass '/Game/FirstPersonBP/Maps/FirstPersonExampleMap.FirstPersonExampleMap_C' with ClassGeneratedBy '/Game/FirstPersonBP/Maps/FirstPersonExampleMap.FirstPersonExampleMap:PersistentLevel.FirstPersonExampleMap'
[2017.07.10-17.15.09:863][137]LogSavePackage: Save=74.29ms
[2017.07.10-17.15.09:863][137]LogSavePackage: Moving 'D:/New folder/MyProject/Saved/FirstPersonExampleMapD93B7C8F437A60743ABD3FB7C776CC30.tmp' to 'D:/New folder/MyProject/Content/FirstPersonBP/Maps/FirstPersonExampleMap.umap'
[2017.07.10-17.15.09:867][137]LogSavePackage:Display: Finished SavePackage D:/New folder/MyProject/Content/FirstPersonBP/Maps/FirstPersonExampleMap.umap
[2017.07.10-17.15.09:882][137]Cmd: OBJ SAVEPACKAGE PACKAGE="/Game/FirstPersonBP/Maps/FirstPersonExampleMap_BuiltData" FILE="D:/New folder/MyProject/Content/FirstPersonBP/Maps/FirstPersonExampleMap_BuiltData.uasset" SILENT=true
[2017.07.10-17.15.12:278][137]LogSavePackage: Save=2385.30ms
[2017.07.10-17.15.12:278][137]LogSavePackage: Moving 'D:/New folder/MyProject/Saved/FirstPersonExampleMap_BuiltDataA0157F19431B25D2548E2AAA6A276993.tmp' to 'D:/New folder/MyProject/Content/FirstPersonBP/Maps/FirstPersonExampleMap_BuiltData.uasset'
[2017.07.10-17.15.12:280][137]LogSavePackage:Display: Finished SavePackage D:/New folder/MyProject/Content/FirstPersonBP/Maps/FirstPersonExampleMap_BuiltData.uasset
[2017.07.10-17.15.52:137][197]LogSpawn:Warning: UWorld::DestroyActor: World has no context! World: Project2, Actor: /Game/Project2.Project2:PersistentLevel.FirstPersonExampleMap_C_0
[2017.07.10-17.15.52:178][197]LogAIModule: Creating AISystem for world Project2
[2017.07.10-17.15.52:189][197]Cmd: OBJ SAVEPACKAGE PACKAGE="/Game/Project2" FILE="D:/New folder/MyProject/Content/Project2.umap" SILENT=true AUTOSAVING=false KEEPDIRTY=false
[2017.07.10-17.15.52:212][197]LogSpawn:Warning: UWorld::DestroyActor: World has no context! World: Project2, Actor: /Game/Project2.Project2:PersistentLevel.Project2_C_0
[2017.07.10-17.15.52:284][197]LogSavePackage: Save=73.37ms
[2017.07.10-17.15.52:284][197]LogSavePackage: Moving 'D:/New folder/MyProject/Saved/Project296DCCA654AB432B2154194BA311A1532.tmp' to 'D:/New folder/MyProject/Content/Project2.umap'
[2017.07.10-17.15.52:285][197]LogSavePackage:Display: Finished SavePackage D:/New folder/MyProject/Content/Project2.umap
[2017.07.10-17.15.52:291][197]Cmd: OBJ SAVEPACKAGE PACKAGE="/Game/Project2_BuiltData" FILE="D:/New folder/MyProject/Content/Project2_BuiltData.uasset" SILENT=true
[2017.07.10-17.15.54:689][197]LogSavePackage: Save=2396.75ms
[2017.07.10-17.15.54:689][197]LogSavePackage: Moving 'D:/New folder/MyProject/Saved/Project2_BuiltDataC1623A3C49327F25B6B42D8B18DA2873.tmp' to 'D:/New folder/MyProject/Content/Project2_BuiltData.uasset'
[2017.07.10-17.15.54:689][197]LogSavePackage:Display: Finished SavePackage D:/New folder/MyProject/Content/Project2_BuiltData.uasset
[2017.07.10-17.15.54:693][197]LogFileHelpers: Saving map 'Project2' took 8.115
[2017.07.10-17.15.54:695][197]Cmd: MAP LOAD FILE="D:/New folder/MyProject/Content/Project2.umap" TEMPLATE=0 SHOWPROGRESS=1 FEATURELEVEL=3
[2017.07.10-17.15.54:708][197]LightingResults: New page: Lighting Build
[2017.07.10-17.15.54:709][197]LoadErrors: New page: Loading map: Project2.umap
[2017.07.10-17.15.54:713][197]MapCheck: New page: Map Check
[2017.07.10-17.15.54:713][197]LightingResults: New page: Lighting Build
[2017.07.10-17.15.54:752][197]LogEditorServer: Finished looking for orphan Actors (0.000 secs)
[2017.07.10-17.15.54:771][197]Cmd: MAP CHECKDEP NOCLEARLOG
[2017.07.10-17.15.54:810][197]MapCheck: Info Map check complete: 0 Error(s), 0 Warning(s), took 38.741ms to complete.
[2017.07.10-17.15.54:810][197]LogFileHelpers: Loading map 'Project2' took 0.117
[2017.07.10-17.16.08:933][862]LogGameProjectGeneration:Verbose: 'C:/Program Files (x86)/Epic Games/4.14/Templates/TP_FlyingBP/Media/TP_FlyingBP.png': Skipping as it is in an ignored folder 'Media'
[2017.07.10-17.16.08:933][862]LogGameProjectGeneration:Verbose: 'C:/Program Files (x86)/Epic Games/4.14/Templates/TP_FlyingBP/Media/TP_FlyingBP_Preview.png': Skipping as it is in an ignored folder 'Media'
[2017.07.10-17.16.09:013][863]Cmd: CLOSE_SLATE_MAINFRAME
[2017.07.10-17.16.19:803][863]Cmd: OBJ SAVEPACKAGE PACKAGE="/Game/Project2" FILE="D:/New folder/MyProject/Content/Project2.umap" SILENT=true AUTOSAVING=false KEEPDIRTY=false
[2017.07.10-17.16.19:899][863]LogSavePackage: Save=70.83ms
[2017.07.10-17.16.19:899][863]LogSavePackage: Moving 'D:/New folder/MyProject/Saved/Project293AD89174F5564A987722CB2BAD14543.tmp' to 'D:/New folder/MyProject/Content/Project2.umap'
[2017.07.10-17.16.19:901][863]LogSavePackage:Display: Finished SavePackage D:/New folder/MyProject/Content/Project2.umap
[2017.07.10-17.16.19:906][863]LogFileHelpers: Saving map 'Project2' took 0.143
[2017.07.10-17.16.19:944][863]LogWindowsTextInputMethodSystem:Display: IME system now deactivated.
[2017.07.10-17.16.20:111][864]Cmd: QUIT_EDITOR
[2017.07.10-17.16.20:717][864]LogExit: Preparing to exit.
[2017.07.10-17.16.21:580][864]LogExit: Editor shut down
[2017.07.10-17.16.21:580][864]LogExit: Transaction tracking system shut down
[2017.07.10-17.16.21:657][864]LogObj: Freed 0b from 0 cluster array pools.
[2017.07.10-17.16.21:658][864]LogExit: Object subsystem successfully closed.
[2017.07.10-17.16.21:685][864]LogD3D11RHI: Shutdown
[2017.07.10-17.16.21:685][864]LogD3D11RHI: CleanupD3DDevice
[2017.07.10-17.16.21:772][864]LogD3D11RHI: ~FD3D11DynamicRHI
[2017.07.10-17.16.21:790][864]LogHttp:Display: Http module shutting down, but needs to wait on 1 outstanding Http requests:
[2017.07.10-17.16.21:790][864]LogHttp:Display: 	verb=[POST] url=[https://datarouter.ol.epicgames.com/datarouter/api/v1/public/data?SessionID=%7BC4001CD0-4280-9905-5099-6BA002288022%7D&AppID=UEEditor.Rocket.Release&AppVersion=4.14.3-3249277%2B%2B%2BUE4%2BRelease-4.14&UserID=822a24ed4865cb29cef75ea46c8807bb%7C333b1995d5d74ccc9119fed63e192d97%7Ca59d3b82-35a8-4791-a9a2-916a193a2c3c&AppEnvironment=datacollector-binary&UploadType=eteventstream] status=Processing
[2017.07.10-17.16.21:792][864]LogModuleManager: Shutting down and abandoning module MovieSceneCapture (242)
[2017.07.10-17.16.21:792][864]LogModuleManager: Shutting down and abandoning module HierarchicalLODOutliner (241)
[2017.07.10-17.16.21:792][864]LogModuleManager: Shutting down and abandoning module CrashTracker (240)
[2017.07.10-17.16.21:792][864]LogModuleManager: Shutting down and abandoning module SceneOutliner (239)
[2017.07.10-17.16.21:792][864]LogModuleManager: Shutting down and abandoning module WidgetCarousel (238)
[2017.07.10-17.16.21:792][864]LogModuleManager: Shutting down and abandoning module AddContentDialog (237)
[2017.07.10-17.16.21:792][864]LogDirectoryWatcher: A directory notification for 'C:/Program Files (x86)/Epic Games/4.14/FeaturePacks/' was aborted.
[2017.07.10-17.16.21:793][864]LogModuleManager: Shutting down and abandoning module GameplayTags (236)
[2017.07.10-17.16.21:793][864]LogModuleManager: Shutting down and abandoning module EditorWidgets (235)
[2017.07.10-17.16.21:793][864]LogModuleManager: Shutting down and abandoning module CollectionManager (234)
[2017.07.10-17.16.21:793][864]LogDirectoryWatcher: A directory notification for 'D:/New folder/MyProject/Content/Collections/' was aborted.
[2017.07.10-17.16.21:793][864]LogDirectoryWatcher: A directory notification for 'D:/New folder/MyProject/Content/Developers/IGMAdmin/Collections/' was aborted.
[2017.07.10-17.16.21:793][864]LogDirectoryWatcher: A directory notification for 'D:/New folder/MyProject/Saved/Collections/' was aborted.
[2017.07.10-17.16.21:793][864]LogModuleManager: Shutting down and abandoning module StatsViewer (233)
[2017.07.10-17.16.21:793][864]LogModuleManager: Shutting down and abandoning module FoliageEdit (232)
[2017.07.10-17.16.21:793][864]LogModuleManager: Shutting down and abandoning module LandscapeEditor (231)
[2017.07.10-17.16.21:793][864]LogModuleManager: Shutting down and abandoning module SceneDepthPickerMode (230)
[2017.07.10-17.16.21:793][864]LogModuleManager: Shutting down and abandoning module ActorPickerMode (229)
[2017.07.10-17.16.21:793][864]LogModuleManager: Shutting down and abandoning module GeometryMode (228)
[2017.07.10-17.16.21:793][864]LogModuleManager: Shutting down and abandoning module TextureAlignMode (227)
[2017.07.10-17.16.21:793][864]LogModuleManager: Shutting down and abandoning module BspMode (226)
[2017.07.10-17.16.21:793][864]LogModuleManager: Shutting down and abandoning module HardwareSurvey (225)
[2017.07.10-17.16.21:793][864]LogModuleManager: Shutting down and abandoning module SequenceRecorderSections (224)
[2017.07.10-17.16.21:793][864]LogModuleManager: Shutting down and abandoning module AutomationWorker (223)
[2017.07.10-17.16.21:793][864]LogModuleManager: Shutting down and abandoning module MatineeToLevelSequence (222)
[2017.07.10-17.16.21:793][864]LogModuleManager: Shutting down and abandoning module PlacementMode (221)
[2017.07.10-17.16.21:793][864]LogModuleManager: Shutting down and abandoning module LevelSequenceEditor (220)
[2017.07.10-17.16.21:793][864]LogModuleManager: Shutting down and abandoning module WmfMediaFactory (219)
[2017.07.10-17.16.21:793][864]LogModuleManager: Shutting down and abandoning module WmfMediaEditor (218)
[2017.07.10-17.16.21:793][864]LogModuleManager: Shutting down and abandoning module AvfMediaFactory (217)
[2017.07.10-17.16.21:793][864]LogModuleManager: Shutting down and abandoning module AvfMediaEditor (216)
[2017.07.10-17.16.21:794][864]LogModuleManager: Shutting down and abandoning module Media (215)
[2017.07.10-17.16.21:794][864]LogModuleManager: Shutting down and abandoning module AndroidMediaFactory (214)
[2017.07.10-17.16.21:794][864]LogModuleManager: Shutting down and abandoning module AndroidMediaEditor (213)
[2017.07.10-17.16.21:794][864]LogModuleManager: Shutting down and abandoning module CharacterAI (212)
[2017.07.10-17.16.21:794][864]LogModuleManager: Shutting down and abandoning module SequenceRecorder (211)
[2017.07.10-17.16.21:794][864]LogModuleManager: Shutting down and abandoning module AudioCapture (210)
[2017.07.10-17.16.21:794][864]LogModuleManager: Shutting down and abandoning module SmartSnapping (209)
[2017.07.10-17.16.21:794][864]LogModuleManager: Shutting down and abandoning module SessionServices (208)
[2017.07.10-17.16.21:794][864]LogModuleManager: Shutting down and abandoning module ViewportSnapping (207)
[2017.07.10-17.16.21:794][864]LogModuleManager: Shutting down and abandoning module ViewportInteraction (206)
[2017.07.10-17.16.21:794][864]LogModuleManager: Shutting down and abandoning module LogVisualizer (205)
[2017.07.10-17.16.21:794][864]LogModuleManager: Shutting down and abandoning module GameProjectGeneration (204)
[2017.07.10-17.16.21:794][864]LogModuleManager: Shutting down and abandoning module IntroTutorials (203)
[2017.07.10-17.16.21:794][864]LogModuleManager: Shutting down and abandoning module EditorLiveStreaming (202)
[2017.07.10-17.16.21:794][864]LogModuleManager: Shutting down and abandoning module IOSPlatformEditor (201)
[2017.07.10-17.16.21:794][864]LogModuleManager: Shutting down and abandoning module HTML5PlatformEditor (200)
[2017.07.10-17.16.21:794][864]LogModuleManager: Shutting down and abandoning module AndroidDeviceDetection (199)
[2017.07.10-17.16.22:371][864]LogModuleManager: Shutting down and abandoning module AndroidPlatformEditor (198)
[2017.07.10-17.16.22:371][864]LogModuleManager: Shutting down and abandoning module IOSRuntimeSettings (197)
[2017.07.10-17.16.22:371][864]LogModuleManager: Shutting down and abandoning module AndroidRuntimeSettings (196)
[2017.07.10-17.16.22:371][864]LogModuleManager: Shutting down and abandoning module InputBindingEditor (195)
[2017.07.10-17.16.22:371][864]LogModuleManager: Shutting down and abandoning module NiagaraEditor (194)
[2017.07.10-17.16.22:371][864]LogModuleManager: Shutting down and abandoning module MergeActors (193)
[2017.07.10-17.16.22:371][864]LogModuleManager: Shutting down and abandoning module SizeMap (192)
[2017.07.10-17.16.22:371][864]LogModuleManager: Shutting down and abandoning module TreeMap (191)
[2017.07.10-17.16.22:371][864]LogModuleManager: Shutting down and abandoning module ReferenceViewer (190)
[2017.07.10-17.16.22:371][864]LogModuleManager: Shutting down and abandoning module LocalizationService (189)
[2017.07.10-17.16.22:371][864]LogModuleManager: Shutting down and abandoning module LocalizationDashboard (188)
[2017.07.10-17.16.22:371][864]LogModuleManager: Shutting down and abandoning module HardwareTargeting (187)
[2017.07.10-17.16.22:371][864]LogModuleManager: Shutting down and abandoning module DeviceProfileEditor (186)
[2017.07.10-17.16.22:371][864]LogModuleManager: Shutting down and abandoning module UndoHistory (185)
[2017.07.10-17.16.22:371][864]LogModuleManager: Shutting down and abandoning module UserFeedback (184)
[2017.07.10-17.16.22:371][864]LogModuleManager: Shutting down and abandoning module XmlParser (183)
[2017.07.10-17.16.22:371][864]LogModuleManager: Shutting down and abandoning module Blutility (182)
[2017.07.10-17.16.22:371][864]LogModuleManager: Shutting down and abandoning module ProjectTargetPlatformEditor (181)
[2017.07.10-17.16.22:371][864]LogModuleManager: Shutting down and abandoning module ProjectSettingsViewer (180)
[2017.07.10-17.16.22:371][864]LogModuleManager: Shutting down and abandoning module EditorSettingsViewer (179)
[2017.07.10-17.16.22:371][864]LogModuleManager: Shutting down and abandoning module SettingsEditor (178)
[2017.07.10-17.16.22:371][864]LogModuleManager: Shutting down and abandoning module ProjectLauncher (177)
[2017.07.10-17.16.22:371][864]LogModuleManager: Shutting down and abandoning module SessionFrontend (176)
[2017.07.10-17.16.22:371][864]LogModuleManager: Shutting down and abandoning module ProfilerClient (175)
[2017.07.10-17.16.22:371][864]LogModuleManager: Shutting down and abandoning module TargetDeviceServices (174)
[2017.07.10-17.16.22:371][864]LogModuleManager: Shutting down and abandoning module DeviceManager (173)
[2017.07.10-17.16.22:426][864]LogModuleManager: Shutting down and abandoning module AutomationController (172)
[2017.07.10-17.16.22:426][864]LogModuleManager: Shutting down and abandoning module AutomationWindow (171)
[2017.07.10-17.16.22:426][864]LogModuleManager: Shutting down and abandoning module Layers (170)
[2017.07.10-17.16.22:426][864]LogModuleManager: Shutting down and abandoning module ComponentVisualizers (169)
[2017.07.10-17.16.22:426][864]LogModuleManager: Shutting down and abandoning module DetailCustomizations (168)
[2017.07.10-17.16.22:426][864]LogModuleManager: Shutting down and abandoning module PackagesDialog (167)
[2017.07.10-17.16.22:426][864]LogModuleManager: Shutting down and abandoning module AnimGraph (166)
[2017.07.10-17.16.22:426][864]LogModuleManager: Shutting down and abandoning module Persona (165)
[2017.07.10-17.16.22:426][864]LogModuleManager: Shutting down and abandoning module Kismet (164)
[2017.07.10-17.16.22:427][864]LogModuleManager: Shutting down and abandoning module GraphEditor (163)
[2017.07.10-17.16.22:427][864]LogModuleManager: Shutting down and abandoning module ClassViewer (162)
[2017.07.10-17.16.22:427][864]LogModuleManager: Shutting down and abandoning module Toolbox (161)
[2017.07.10-17.16.22:427][864]LogModuleManager: Shutting down and abandoning module ModuleUI (160)
[2017.07.10-17.16.22:427][864]LogModuleManager: Shutting down and abandoning module MovieSceneTools (159)
[2017.07.10-17.16.22:427][864]LogModuleManager: Shutting down and abandoning module OutputLog (158)
[2017.07.10-17.16.22:427][864]LogModuleManager: Shutting down and abandoning module GammaUI (157)
[2017.07.10-17.16.22:427][864]LogModuleManager: Shutting down and abandoning module Documentation (156)
[2017.07.10-17.16.22:427][864]LogModuleManager: Shutting down and abandoning module Niagara (155)
[2017.07.10-17.16.22:427][864]LogModuleManager: Shutting down and abandoning module StreamingPauseRendering (154)
[2017.07.10-17.16.22:427][864]LogModuleManager: Shutting down and abandoning module AnalyticsET (153)
[2017.07.10-17.16.22:427][864]LogModuleManager: Shutting down and abandoning module PortalServices (152)
[2017.07.10-17.16.22:427][864]LogModuleManager: Shutting down and abandoning module PortalRpc (151)
[2017.07.10-17.16.22:427][864]LogModuleManager: Shutting down and abandoning module MessagingRpc (150)
[2017.07.10-17.16.22:427][864]LogModuleManager: Shutting down and abandoning module GameplayDebugger (149)
[2017.07.10-17.16.22:427][864]LogModuleManager: Shutting down and abandoning module AITestSuite (148)
[2017.07.10-17.16.22:427][864]LogModuleManager: Shutting down and abandoning module AIModule (147)
[2017.07.10-17.16.22:427][864]LogModuleManager: Shutting down and abandoning module ProfilerService (146)
[2017.07.10-17.16.22:462][864]LogModuleManager: Shutting down and abandoning module TaskGraph (145)
[2017.07.10-17.16.22:462][864]LogModuleManager: Shutting down and abandoning module SlateRemote (144)
[2017.07.10-17.16.22:462][864]LogModuleManager: Shutting down and abandoning module SteamVRController (143)
[2017.07.10-17.16.22:462][864]LogModuleManager: Shutting down and abandoning module SteamVR (142)
[2017.07.10-17.16.22:462][864]LogModuleManager: Shutting down and abandoning module ProceduralMeshComponentEditor (141)
[2017.07.10-17.16.22:462][864]LogModuleManager: Shutting down and abandoning module ProceduralMeshComponent (140)
[2017.07.10-17.16.22:462][864]LogModuleManager: Shutting down and abandoning module OculusLibrary (139)
[2017.07.10-17.16.22:462][864]LogModuleManager: Shutting down and abandoning module OculusInput (138)
[2017.07.10-17.16.22:462][864]LogModuleManager: Shutting down and abandoning module MobilePatchingUtils (137)
[2017.07.10-17.16.22:462][864]LogModuleManager: Shutting down and abandoning module CustomMeshComponent (136)
[2017.07.10-17.16.22:462][864]LogModuleManager: Shutting down and abandoning module CableComponent (135)
[2017.07.10-17.16.22:462][864]LogModuleManager: Shutting down and abandoning module ArchVisCharacter (134)
[2017.07.10-17.16.22:462][864]LogModuleManager: Shutting down and abandoning module MediaPlayerEditor (132)
[2017.07.10-17.16.22:462][864]LogModuleManager: Shutting down and abandoning module HTML5Networking (131)
[2017.07.10-17.16.22:462][864]LogModuleManager: Shutting down and abandoning module GeometryCacheEd (130)
[2017.07.10-17.16.22:462][864]LogModuleManager: Shutting down and abandoning module GeometryCache (129)
[2017.07.10-17.16.22:462][864]LogModuleManager: Shutting down and abandoning module AlembicLibrary (128)
[2017.07.10-17.16.22:462][864]LogModuleManager: Shutting down and abandoning module AlembicImporter (127)
[2017.07.10-17.16.22:462][864]LogModuleManager: Shutting down and abandoning module SuperSearch (126)
[2017.07.10-17.16.22:462][864]LogModuleManager: Shutting down and abandoning module SuperSearchEditor (125)
[2017.07.10-17.16.22:462][864]LogModuleManager: Shutting down and abandoning module SpeedTreeImporter (124)
[2017.07.10-17.16.22:462][864]LogModuleManager: Shutting down and abandoning module PluginBrowser (123)
[2017.07.10-17.16.22:462][864]LogModuleManager: Shutting down and abandoning module MobileLauncherProfileWizard (122)
[2017.07.10-17.16.22:462][864]LogModuleManager: Shutting down and abandoning module EpicSurvey (121)
[2017.07.10-17.16.22:462][864]LogModuleManager: Shutting down and abandoning module DesktopPlatform (120)
[2017.07.10-17.16.22:462][864]LogModuleManager: Shutting down and abandoning module VisualStudioSourceCodeAccess (119)
[2017.07.10-17.16.22:462][864]LogModuleManager: Shutting down and abandoning module UObjectPlugin (118)
[2017.07.10-17.16.22:462][864]LogModuleManager: Shutting down and abandoning module SubversionSourceControl (117)
[2017.07.10-17.16.22:462][864]LogModuleManager: Shutting down and abandoning module PerforceSourceControl (116)
[2017.07.10-17.16.22:462][864]LogModuleManager: Shutting down and abandoning module SourceControl (115)
[2017.07.10-17.16.22:462][864]LogModuleManager: Shutting down and abandoning module GitSourceControl (114)
[2017.07.10-17.16.22:462][864]LogModuleManager: Shutting down and abandoning module LightPropagationVolumeEditor (113)
[2017.07.10-17.16.22:462][864]LogModuleManager: Shutting down and abandoning module PaperTiledImporter (112)
[2017.07.10-17.16.22:462][864]LogModuleManager: Shutting down and abandoning module PaperSpriteSheetImporter (111)
[2017.07.10-17.16.22:462][864]LogModuleManager: Shutting down and abandoning module MeshPaint (110)
[2017.07.10-17.16.22:462][864]LogModuleManager: Shutting down and abandoning module PixelInspectorModule (109)
[2017.07.10-17.16.22:462][864]LogModuleManager: Shutting down and abandoning module HotReload (108)
[2017.07.10-17.16.22:463][864]LogModuleManager: Shutting down and abandoning module MainFrame (107)
[2017.07.10-17.16.22:463][864]LogModuleManager: Shutting down and abandoning module LevelEditor (106)
[2017.07.10-17.16.22:464][864]LogModuleManager: Shutting down and abandoning module ContentBrowser (105)
[2017.07.10-17.16.22:464][864]LogModuleManager: Shutting down and abandoning module Paper2DEditor (104)
[2017.07.10-17.16.22:464][864]LogModuleManager: Shutting down and abandoning module UdpMessaging (103)
[2017.07.10-17.16.22:565][864]LogModuleManager: Shutting down and abandoning module TcpMessaging (102)
[2017.07.10-17.16.22:666][864]LogModuleManager: Shutting down and abandoning module LightPropagationVolumeRuntime (101)
[2017.07.10-17.16.22:666][864]LogModuleManager: Shutting down and abandoning module Paper2D (100)
[2017.07.10-17.16.22:666][864]LogModuleManager: Shutting down and abandoning module WindowsMoviePlayer (99)
[2017.07.10-17.16.22:666][864]LogModuleManager: Shutting down and abandoning module WmfMedia (98)
[2017.07.10-17.16.22:666][864]LogModuleManager: Shutting down and abandoning module MediaAssets (97)
[2017.07.10-17.16.22:666][864]LogModuleManager: Shutting down and abandoning module GameLiveStreaming (96)
[2017.07.10-17.16.22:666][864]LogModuleManager: Shutting down and abandoning module GameplayTagsEditor (95)
[2017.07.10-17.16.22:666][864]LogModuleManager: Shutting down and abandoning module VREditor (94)
[2017.07.10-17.16.22:666][864]LogModuleManager: Shutting down and abandoning module GameplayTasksEditor (93)
[2017.07.10-17.16.22:666][864]LogModuleManager: Shutting down and abandoning module BehaviorTreeEditor (92)
[2017.07.10-17.16.22:666][864]LogModuleManager: Shutting down and abandoning module FunctionalTesting (91)
[2017.07.10-17.16.22:666][864]LogModuleManager: Shutting down and abandoning module CollisionAnalyzer (90)
[2017.07.10-17.16.22:666][864]LogModuleManager: Shutting down and abandoning module Sequencer (89)
[2017.07.10-17.16.22:666][864]LogModuleManager: Shutting down and abandoning module WorkspaceMenuStructure (88)
[2017.07.10-17.16.22:666][864]LogModuleManager: Shutting down and abandoning module MessageLog (87)
[2017.07.10-17.16.22:666][864]LogModuleManager: Shutting down and abandoning module AssetTools (86)
[2017.07.10-17.16.22:666][864]LogModuleManager: Shutting down and abandoning module UMGEditor (85)
[2017.07.10-17.16.22:666][864]LogModuleManager: Shutting down and abandoning module UMG (84)
[2017.07.10-17.16.22:666][864]LogModuleManager: Shutting down and abandoning module SlateReflector (83)
[2017.07.10-17.16.22:666][864]LogModuleManager: Shutting down and abandoning module Slate (82)
[2017.07.10-17.16.22:666][864]LogModuleManager: Shutting down and abandoning module EditorStyle (81)
[2017.07.10-17.16.22:669][864]LogModuleManager: Shutting down and abandoning module SourceCodeAccess (80)
[2017.07.10-17.16.22:669][864]LogModuleManager: Shutting down and abandoning module HeadMountedDisplay (79)
[2017.07.10-17.16.22:669][864]LogModuleManager: Shutting down and abandoning module XAudio2 (78)
[2017.07.10-17.16.22:669][864]LogModuleManager: Shutting down and abandoning module Networking (76)
[2017.07.10-17.16.22:669][864]LogModuleManager: Shutting down and abandoning module Core (75)
[2017.07.10-17.16.22:669][864]LogModuleManager: Shutting down and abandoning module DirectoryWatcher (74)
[2017.07.10-17.16.22:669][864]LogDirectoryWatcher: A directory notification for '../../../Engine/Content/' was aborted.
[2017.07.10-17.16.22:669][864]LogDirectoryWatcher: A directory notification for 'D:/New folder/MyProject/Content/' was aborted.
[2017.07.10-17.16.22:669][864]LogDirectoryWatcher: A directory notification for '../../../Engine/Plugins/2D/Paper2D/Content/' was aborted.
[2017.07.10-17.16.22:669][864]LogModuleManager: Shutting down and abandoning module AssetRegistry (73)
[2017.07.10-17.16.22:884][864]LogModuleManager: Shutting down and abandoning module KismetCompiler (72)
[2017.07.10-17.16.22:884][864]LogModuleManager: Shutting down and abandoning module PhysXFormats (71)
[2017.07.10-17.16.22:884][864]LogModuleManager: Shutting down and abandoning module SimplygonSwarm (70)
[2017.07.10-17.16.22:884][864]LogModuleManager: Shutting down and abandoning module SimplygonMeshReduction (69)
[2017.07.10-17.16.22:884][864]LogModuleManager: Shutting down and abandoning module QuadricMeshReduction (68)
[2017.07.10-17.16.22:884][864]LogModuleManager: Shutting down and abandoning module PropertyEditor (67)
[2017.07.10-17.16.22:884][864]LogModuleManager: Shutting down and abandoning module MeshUtilities (66)
[2017.07.10-17.16.22:884][864]LogModuleManager: Shutting down and abandoning module DerivedDataCache (65)
[2017.07.10-17.16.22:938][864]LogDerivedDataCache: Shutdown
[2017.07.10-17.16.22:938][864]LogModuleManager: Shutting down and abandoning module VulkanShaderFormat (64)
[2017.07.10-17.16.22:938][864]LogModuleManager: Shutting down and abandoning module ShaderFormatOpenGL (63)
[2017.07.10-17.16.22:938][864]LogModuleManager: Shutting down and abandoning module ShaderFormatD3D (62)
[2017.07.10-17.16.22:938][864]LogModuleManager: Shutting down and abandoning module MetalShaderFormat (61)
[2017.07.10-17.16.22:938][864]LogModuleManager: Shutting down and abandoning module TextureFormatUncompressed (60)
[2017.07.10-17.16.22:938][864]LogModuleManager: Shutting down and abandoning module TextureFormatPVR (59)
[2017.07.10-17.16.22:938][864]LogModuleManager: Shutting down and abandoning module TextureFormatDXT (58)
[2017.07.10-17.16.22:938][864]LogModuleManager: Shutting down and abandoning module TextureFormatIntelISPCTexComp (57)
[2017.07.10-17.16.22:938][864]LogModuleManager: Shutting down and abandoning module ImageWrapper (56)
[2017.07.10-17.16.22:938][864]LogModuleManager: Shutting down and abandoning module TextureFormatASTC (55)
[2017.07.10-17.16.22:938][864]LogModuleManager: Shutting down and abandoning module TextureFormatAndroid (54)
[2017.07.10-17.16.22:938][864]LogModuleManager: Shutting down and abandoning module AudioFormatOpus (53)
[2017.07.10-17.16.22:938][864]LogModuleManager: Shutting down and abandoning module AudioFormatOgg (52)
[2017.07.10-17.16.22:938][864]LogModuleManager: Shutting down and abandoning module AudioFormatADPCM (51)
[2017.07.10-17.16.22:938][864]LogModuleManager: Shutting down and abandoning module LinuxTargetPlatform (50)
[2017.07.10-17.16.22:938][864]LogModuleManager: Shutting down and abandoning module LinuxServerTargetPlatform (49)
[2017.07.10-17.16.22:938][864]LogModuleManager: Shutting down and abandoning module LinuxNoEditorTargetPlatform (48)
[2017.07.10-17.16.22:938][864]LogModuleManager: Shutting down and abandoning module LinuxClientTargetPlatform (47)
[2017.07.10-17.16.22:938][864]LogModuleManager: Shutting down and abandoning module TVOSTargetPlatform (46)
[2017.07.10-17.16.22:938][864]LogModuleManager: Shutting down and abandoning module Messaging (45)
[2017.07.10-17.16.22:938][864]LogModuleManager: Shutting down and abandoning module IOSTargetPlatform (44)
[2017.07.10-17.16.22:938][864]LogModuleManager: Shutting down and abandoning module HTML5TargetPlatform (43)
[2017.07.10-17.16.22:938][864]LogModuleManager: Shutting down and abandoning module Android_PVRTCTargetPlatform (42)
[2017.07.10-17.16.22:939][864]LogModuleManager: Shutting down and abandoning module Android_MultiTargetPlatform (41)
[2017.07.10-17.16.22:939][864]LogModuleManager: Shutting down and abandoning module Android_ETC2TargetPlatform (40)
[2017.07.10-17.16.22:939][864]LogModuleManager: Shutting down and abandoning module Android_ETC1TargetPlatform (39)
[2017.07.10-17.16.22:939][864]LogModuleManager: Shutting down and abandoning module Android_DXTTargetPlatform (38)
[2017.07.10-17.16.22:939][864]LogModuleManager: Shutting down and abandoning module Android_ATCTargetPlatform (37)
[2017.07.10-17.16.22:939][864]LogModuleManager: Shutting down and abandoning module Android_ASTCTargetPlatform (36)
[2017.07.10-17.16.22:939][864]LogModuleManager: Shutting down and abandoning module AndroidTargetPlatform (35)
[2017.07.10-17.16.22:939][864]LogModuleManager: Shutting down and abandoning module WindowsTargetPlatform (34)
[2017.07.10-17.16.22:939][864]LogModuleManager: Shutting down and abandoning module WindowsServerTargetPlatform (33)
[2017.07.10-17.16.22:939][864]LogModuleManager: Shutting down and abandoning module WindowsNoEditorTargetPlatform (32)
[2017.07.10-17.16.22:939][864]LogModuleManager: Shutting down and abandoning module WindowsClientTargetPlatform (31)
[2017.07.10-17.16.22:939][864]LogModuleManager: Shutting down and abandoning module MacTargetPlatform (30)
[2017.07.10-17.16.22:939][864]LogModuleManager: Shutting down and abandoning module MacServerTargetPlatform (29)
[2017.07.10-17.16.22:939][864]LogModuleManager: Shutting down and abandoning module MacNoEditorTargetPlatform (28)
[2017.07.10-17.16.22:939][864]LogModuleManager: Shutting down and abandoning module MacClientTargetPlatform (27)
[2017.07.10-17.16.22:939][864]LogModuleManager: Shutting down and abandoning module AllDesktopTargetPlatform (26)
[2017.07.10-17.16.22:939][864]LogModuleManager: Shutting down and abandoning module TargetPlatform (25)
[2017.07.10-17.16.22:939][864]LogModuleManager: Shutting down and abandoning module InputCore (24)
[2017.07.10-17.16.22:939][864]LogModuleManager: Shutting down and abandoning module Settings (23)
[2017.07.10-17.16.22:939][864]LogModuleManager: Shutting down and abandoning module OculusRift (22)
[2017.07.10-17.16.22:939][864]LogModuleManager: Shutting down and abandoning module ExampleDeviceProfileSelector (21)
[2017.07.10-17.16.22:939][864]LogModuleManager: Shutting down and abandoning module OnlineBlueprintSupport (20)
[2017.07.10-17.16.22:939][864]LogModuleManager: Shutting down and abandoning module OnlineSubsystem (18)
[2017.07.10-17.16.22:939][864]LogOnline:Display: Unloading online subsystem: NULL
[2017.07.10-17.16.22:939][864]LogModuleManager: Shutting down and abandoning module SSL (17)
[2017.07.10-17.16.22:940][864]LogModuleManager: Shutting down and abandoning module HTTP (16)
[2017.07.10-17.16.22:941][864]LogModuleManager: Shutting down and abandoning module XMPP (15)
[2017.07.10-17.16.22:941][864]LogModuleManager: Shutting down and abandoning module TextureCompressor (14)
[2017.07.10-17.16.22:941][864]LogModuleManager: Shutting down and abandoning module ShaderCore (13)
[2017.07.10-17.16.22:941][864]LogModuleManager: Shutting down and abandoning module Landscape (12)
[2017.07.10-17.16.22:941][864]LogModuleManager: Shutting down and abandoning module SlateRHIRenderer (11)
[2017.07.10-17.16.22:941][864]LogModuleManager: Shutting down and abandoning module OpenGLDrv (10)
[2017.07.10-17.16.22:941][864]LogModuleManager: Shutting down and abandoning module D3D11RHI (9)
[2017.07.10-17.16.22:941][864]LogModuleManager: Shutting down and abandoning module AnimGraphRuntime (8)
[2017.07.10-17.16.22:941][864]LogModuleManager: Shutting down and abandoning module Renderer (7)
[2017.07.10-17.16.22:941][864]LogModuleManager: Shutting down and abandoning module Engine (6)
[2017.07.10-17.16.22:941][864]LogModuleManager: Shutting down and abandoning module CoreUObject (5)
[2017.07.10-17.16.22:942][864]LogModuleManager: Shutting down and abandoning module NetworkFile (4)
[2017.07.10-17.16.22:942][864]LogModuleManager: Shutting down and abandoning module StreamingFile (3)
[2017.07.10-17.16.22:942][864]LogModuleManager: Shutting down and abandoning module SandboxFile (2)
[2017.07.10-17.16.22:942][864]LogModuleManager: Shutting down and abandoning module PakFile (1)
[2017.07.10-17.16.22:943][864]LogExit: Exiting.
[2017.07.10-17.16.22:951][864]Log file closed, 07/10/17 13:16:22
